12:05:01 [INFO] ============================================================
12:05:01 [INFO]   Dashboard Monitoring Terpadu — Watcher Aktif
12:05:01 [INFO] ============================================================
12:05:01 [INFO]   File Excel : C:\Users\NamaAnda\OneDrive - Organisasi\Data Sertifikasi\basis data.xlsx
12:05:01 [INFO]   Output JSON: C:\Users\ThinkPad\OneDrive - Kemenkeu\2026\dashboard sertifikasi\data\dashboard_data.json
12:05:01 [INFO]   Sheet map  : ['JFKN', 'SAK', 'AC', 'Beasiswa', 'USKP', 'PBJ', 'PengTes']
12:05:01 [INFO]   Tekan Ctrl+C untuk berhenti.
12:05:01 [INFO] ============================================================
12:05:01 [ERROR] File Excel tidak ditemukan: C:\Users\NamaAnda\OneDrive - Organisasi\Data Sertifikasi\basis data.xlsx
12:05:01 [ERROR] Pastikan OneDrive sudah sync dan path EXCEL_FILE sudah benar.
12:05:41 [INFO] ============================================================
12:05:41 [INFO]   Dashboard Monitoring Terpadu — Watcher Aktif
12:05:41 [INFO] ============================================================
12:05:41 [INFO]   File Excel : C:\Users\NamaAnda\OneDrive - Organisasi\Data Sertifikasi\basis data.xlsx
12:05:41 [INFO]   Output JSON: C:\Users\ThinkPad\OneDrive - Kemenkeu\2026\dashboard sertifikasi\data\dashboard_data.json
12:05:41 [INFO]   Sheet map  : ['JFKN', 'SAK', 'AC', 'Beasiswa', 'USKP', 'PBJ', 'PengTes']
12:05:41 [INFO]   Tekan Ctrl+C untuk berhenti.
12:05:41 [INFO] ============================================================
12:05:41 [ERROR] File Excel tidak ditemukan: C:\Users\NamaAnda\OneDrive - Organisasi\Data Sertifikasi\basis data.xlsx
12:05:41 [ERROR] Pastikan OneDrive sudah sync dan path EXCEL_FILE sudah benar.
12:06:06 [INFO] ============================================================
12:06:06 [INFO]   Dashboard Monitoring Terpadu — Watcher Aktif
12:06:06 [INFO] ============================================================
12:06:06 [INFO]   File Excel : C:\Users\ThinkPad\OneDrive - Kemenkeu\2026\basis data.xlsx
12:06:06 [INFO]   Output JSON: C:\Users\ThinkPad\OneDrive - Kemenkeu\2026\dashboard sertifikasi\data\dashboard_data.json
12:06:06 [INFO]   Sheet map  : ['JFKN', 'SAK', 'AC', 'Beasiswa', 'USKP', 'PBJ', 'PengTes']
12:06:06 [INFO]   Tekan Ctrl+C untuk berhenti.
12:06:06 [INFO] ============================================================
12:06:06 [INFO] Memproses data awal dari semua sheet...
12:06:06 [INFO] Membuka: basis data.xlsx
12:06:06 [INFO] Sheet tersedia: ['source', 'JFKN', 'SAK', 'AC', 'beasiswa', 'USKP', 'PBJ', 'PengTes']
12:06:06 [INFO] [JFKN] Diproses: 194 peserta, 0 lulus (0.0%)
12:06:06 [INFO] [SAK] Diproses: 1053 peserta, 0 lulus (0.0%)
12:06:06 [ERROR] [AC] Kolom 'Status' tidak ditemukan. Cek format sheet.
12:06:06 [WARNING] [Beasiswa] Sheet 'Beasiswa' tidak ditemukan di Excel.
12:06:06 [WARNING] [USKP] Sheet kosong.
12:06:06 [WARNING] [PBJ] Sheet kosong.
12:06:06 [WARNING] [PengTes] Sheet kosong.
12:06:06 [INFO] ✓ JSON diperbarui → C:\Users\ThinkPad\OneDrive - Kemenkeu\2026\dashboard sertifikasi\data\dashboard_data.json
12:06:06 [INFO]   Total: 1247 peserta | Avg lulus: 0.0%
12:06:06 [INFO] Watcher aktif — memantau: C:\Users\ThinkPad\OneDrive - Kemenkeu\2026
12:06:06 [INFO] Dashboard akan update otomatis tiap operator simpan Excel.
13:15:30 [INFO] Perubahan terdeteksi di basis data.xlsx → memproses ulang...
13:15:31 [INFO] Membuka: basis data.xlsx
13:15:31 [INFO] Sheet tersedia: ['source', 'JFKN', 'SAK', 'AC', 'beasiswa', 'USKP', 'PBJ', 'PengTes']
13:15:31 [INFO] [JFKN] Diproses: 194 peserta, 0 lulus (0.0%)
13:15:32 [INFO] [SAK] Diproses: 1053 peserta, 0 lulus (0.0%)
13:15:32 [ERROR] [AC] Kolom 'Status' tidak ditemukan. Cek format sheet.
13:15:32 [WARNING] [Beasiswa] Sheet 'Beasiswa' tidak ditemukan di Excel.
13:15:32 [WARNING] [USKP] Sheet kosong.
13:15:32 [WARNING] [PBJ] Sheet kosong.
13:15:32 [WARNING] [PengTes] Sheet kosong.
13:15:32 [INFO] ✓ JSON diperbarui → C:\Users\ThinkPad\OneDrive - Kemenkeu\2026\dashboard sertifikasi\data\dashboard_data.json
13:15:32 [INFO]   Total: 1247 peserta | Avg lulus: 0.0%
13:19:18 [INFO] Perubahan terdeteksi di basis data.xlsx → memproses ulang...
13:19:20 [INFO] Membuka: basis data.xlsx
13:19:20 [ERROR] Gagal membuka file Excel: [Errno 13] Permission denied: 'C:\\Users\\ThinkPad\\OneDrive - Kemenkeu\\2026\\basis data.xlsx'
13:19:22 [INFO] Perubahan terdeteksi di basis data.xlsx → memproses ulang...
13:19:24 [INFO] Membuka: basis data.xlsx
13:19:24 [ERROR] Gagal membuka file Excel: [Errno 13] Permission denied: 'C:\\Users\\ThinkPad\\OneDrive - Kemenkeu\\2026\\basis data.xlsx'
13:19:54 [INFO] Perubahan terdeteksi di basis data.xlsx → memproses ulang...
13:19:55 [INFO] Membuka: basis data.xlsx
13:19:55 [ERROR] Gagal membuka file Excel: [Errno 13] Permission denied: 'C:\\Users\\ThinkPad\\OneDrive - Kemenkeu\\2026\\basis data.xlsx'
13:21:30 [INFO] Perubahan terdeteksi di basis data.xlsx → memproses ulang...
13:21:32 [INFO] Membuka: basis data.xlsx
13:21:32 [ERROR] Gagal membuka file Excel: [Errno 13] Permission denied: 'C:\\Users\\ThinkPad\\OneDrive - Kemenkeu\\2026\\basis data.xlsx'
13:21:33 [INFO] Perubahan terdeteksi di basis data.xlsx → memproses ulang...
13:21:35 [INFO] Membuka: basis data.xlsx
13:21:35 [ERROR] Gagal membuka file Excel: [Errno 13] Permission denied: 'C:\\Users\\ThinkPad\\OneDrive - Kemenkeu\\2026\\basis data.xlsx'
13:22:13 [INFO] Perubahan terdeteksi di basis data.xlsx → memproses ulang...
13:22:14 [INFO] Membuka: basis data.xlsx
13:22:14 [ERROR] Gagal membuka file Excel: [Errno 13] Permission denied: 'C:\\Users\\ThinkPad\\OneDrive - Kemenkeu\\2026\\basis data.xlsx'
13:22:16 [INFO] Perubahan terdeteksi di basis data.xlsx → memproses ulang...
13:22:18 [INFO] Membuka: basis data.xlsx
13:22:18 [ERROR] Gagal membuka file Excel: [Errno 13] Permission denied: 'C:\\Users\\ThinkPad\\OneDrive - Kemenkeu\\2026\\basis data.xlsx'
13:23:34 [INFO] Perubahan terdeteksi di basis data.xlsx → memproses ulang...
13:23:36 [INFO] Membuka: basis data.xlsx
13:23:36 [ERROR] Gagal membuka file Excel: [Errno 13] Permission denied: 'C:\\Users\\ThinkPad\\OneDrive - Kemenkeu\\2026\\basis data.xlsx'
13:23:37 [INFO] Perubahan terdeteksi di basis data.xlsx → memproses ulang...
13:23:39 [INFO] Membuka: basis data.xlsx
13:23:39 [ERROR] Gagal membuka file Excel: [Errno 13] Permission denied: 'C:\\Users\\ThinkPad\\OneDrive - Kemenkeu\\2026\\basis data.xlsx'
13:24:24 [INFO] Perubahan terdeteksi di basis data.xlsx → memproses ulang...
13:24:26 [INFO] Membuka: basis data.xlsx
13:24:26 [ERROR] Gagal membuka file Excel: [Errno 13] Permission denied: 'C:\\Users\\ThinkPad\\OneDrive - Kemenkeu\\2026\\basis data.xlsx'
13:24:30 [INFO] Perubahan terdeteksi di basis data.xlsx → memproses ulang...
13:24:32 [INFO] Membuka: basis data.xlsx
13:24:32 [ERROR] Gagal membuka file Excel: [Errno 13] Permission denied: 'C:\\Users\\ThinkPad\\OneDrive - Kemenkeu\\2026\\basis data.xlsx'
13:25:32 [INFO] Perubahan terdeteksi di basis data.xlsx → memproses ulang...
13:25:34 [INFO] Membuka: basis data.xlsx
13:25:34 [ERROR] Gagal membuka file Excel: [Errno 13] Permission denied: 'C:\\Users\\ThinkPad\\OneDrive - Kemenkeu\\2026\\basis data.xlsx'
13:25:36 [INFO] Perubahan terdeteksi di basis data.xlsx → memproses ulang...
13:25:37 [INFO] Membuka: basis data.xlsx
13:25:37 [ERROR] Gagal membuka file Excel: [Errno 13] Permission denied: 'C:\\Users\\ThinkPad\\OneDrive - Kemenkeu\\2026\\basis data.xlsx'
13:25:47 [INFO] Perubahan terdeteksi di basis data.xlsx → memproses ulang...
13:25:49 [INFO] Membuka: basis data.xlsx
13:25:49 [ERROR] Gagal membuka file Excel: [Errno 13] Permission denied: 'C:\\Users\\ThinkPad\\OneDrive - Kemenkeu\\2026\\basis data.xlsx'
13:25:50 [INFO] Perubahan terdeteksi di basis data.xlsx → memproses ulang...
13:25:52 [INFO] Membuka: basis data.xlsx
13:25:52 [ERROR] Gagal membuka file Excel: [Errno 13] Permission denied: 'C:\\Users\\ThinkPad\\OneDrive - Kemenkeu\\2026\\basis data.xlsx'
13:27:01 [INFO] Perubahan terdeteksi di basis data.xlsx → memproses ulang...
13:27:03 [INFO] Membuka: basis data.xlsx
13:27:03 [ERROR] Gagal membuka file Excel: [Errno 13] Permission denied: 'C:\\Users\\ThinkPad\\OneDrive - Kemenkeu\\2026\\basis data.xlsx'
13:27:05 [INFO] Perubahan terdeteksi di basis data.xlsx → memproses ulang...
13:27:06 [INFO] Membuka: basis data.xlsx
13:27:06 [ERROR] Gagal membuka file Excel: [Errno 13] Permission denied: 'C:\\Users\\ThinkPad\\OneDrive - Kemenkeu\\2026\\basis data.xlsx'
13:27:41 [INFO] Perubahan terdeteksi di basis data.xlsx → memproses ulang...
13:27:42 [INFO] Membuka: basis data.xlsx
13:27:42 [ERROR] Gagal membuka file Excel: [Errno 13] Permission denied: 'C:\\Users\\ThinkPad\\OneDrive - Kemenkeu\\2026\\basis data.xlsx'
13:27:55 [INFO] Perubahan terdeteksi di basis data.xlsx → memproses ulang...
13:27:57 [INFO] Membuka: basis data.xlsx
13:27:57 [ERROR] Gagal membuka file Excel: [Errno 13] Permission denied: 'C:\\Users\\ThinkPad\\OneDrive - Kemenkeu\\2026\\basis data.xlsx'
13:29:32 [INFO] Perubahan terdeteksi di basis data.xlsx → memproses ulang...
13:29:33 [INFO] Membuka: basis data.xlsx
13:29:33 [ERROR] Gagal membuka file Excel: [Errno 13] Permission denied: 'C:\\Users\\ThinkPad\\OneDrive - Kemenkeu\\2026\\basis data.xlsx'
13:29:36 [INFO] Perubahan terdeteksi di basis data.xlsx → memproses ulang...
13:29:37 [INFO] Membuka: basis data.xlsx
13:29:37 [ERROR] Gagal membuka file Excel: [Errno 13] Permission denied: 'C:\\Users\\ThinkPad\\OneDrive - Kemenkeu\\2026\\basis data.xlsx'
13:32:15 [INFO] Perubahan terdeteksi di basis data.xlsx → memproses ulang...
13:32:17 [INFO] Membuka: basis data.xlsx
13:32:17 [INFO] Sheet tersedia: ['source', 'JFKN', 'SAK', 'AC', 'Beasiswa', 'USKP', 'PBJ', 'PengTes']
13:32:17 [INFO] [JFKN] Diproses: 194 peserta, 0 lulus (0.0%)
13:32:17 [INFO] [SAK] Diproses: 1053 peserta, 0 lulus (0.0%)
13:32:17 [INFO] [AC] Diproses: 129 peserta, 0 lulus (0.0%)
13:32:17 [INFO] [Beasiswa] Diproses: 4 peserta, 2 lulus (50.0%)
13:32:17 [INFO] [USKP] Diproses: 4 peserta, 2 lulus (50.0%)
13:32:17 [INFO] [PBJ] Diproses: 4 peserta, 2 lulus (50.0%)
13:32:17 [INFO] [PengTes] Diproses: 4 peserta, 3 lulus (75.0%)
13:32:17 [INFO] ✓ JSON diperbarui → C:\Users\ThinkPad\OneDrive - Kemenkeu\2026\dashboard sertifikasi\data\dashboard_data.json
13:32:17 [INFO]   Total: 1392 peserta | Avg lulus: 0.6%
13:48:50 [INFO] Perubahan terdeteksi di basis data.xlsx → memproses ulang...
13:48:52 [INFO] Membuka: basis data.xlsx
13:48:52 [ERROR] Gagal membuka file Excel: [Errno 13] Permission denied: 'C:\\Users\\ThinkPad\\OneDrive - Kemenkeu\\2026\\basis data.xlsx'
13:50:32 [INFO] Perubahan terdeteksi di basis data.xlsx → memproses ulang...
13:50:34 [INFO] Membuka: basis data.xlsx
13:50:34 [ERROR] Gagal membuka file Excel: [Errno 13] Permission denied: 'C:\\Users\\ThinkPad\\OneDrive - Kemenkeu\\2026\\basis data.xlsx'
13:52:07 [INFO] Perubahan terdeteksi di basis data.xlsx → memproses ulang...
13:52:09 [INFO] Membuka: basis data.xlsx
13:52:09 [INFO] Sheet tersedia: ['source', 'JFKN', 'SAK', 'AC', 'Beasiswa', 'USKP', 'PBJ', 'PengTes']
13:52:09 [INFO] [JFKN] Diproses: 194 peserta, 0 lulus (0.0%)
13:52:09 [INFO] [SAK] Diproses: 1053 peserta, 0 lulus (0.0%)
13:52:09 [INFO] [AC] Diproses: 129 peserta, 0 lulus (0.0%)
13:52:09 [INFO] [Beasiswa] Diproses: 4 peserta, 2 lulus (50.0%)
13:52:09 [INFO] [USKP] Diproses: 4 peserta, 2 lulus (50.0%)
13:52:09 [INFO] [PBJ] Diproses: 4 peserta, 2 lulus (50.0%)
13:52:09 [INFO] [PengTes] Diproses: 4 peserta, 3 lulus (75.0%)
13:52:09 [INFO] ✓ JSON diperbarui → C:\Users\ThinkPad\OneDrive - Kemenkeu\2026\dashboard sertifikasi\data\dashboard_data.json
13:52:09 [INFO]   Total: 1392 peserta | Avg lulus: 0.6%
13:52:55 [INFO] Perubahan terdeteksi di basis data.xlsx → memproses ulang...
13:52:56 [INFO] Membuka: basis data.xlsx
13:52:56 [INFO] Sheet tersedia: ['source', 'JFKN', 'SAK', 'AC', 'Beasiswa', 'USKP', 'PBJ', 'PengTes']
13:52:56 [INFO] [JFKN] Diproses: 194 peserta, 0 lulus (0.0%)
13:52:56 [INFO] [SAK] Diproses: 1053 peserta, 0 lulus (0.0%)
13:52:56 [INFO] [AC] Diproses: 129 peserta, 0 lulus (0.0%)
13:52:56 [INFO] [Beasiswa] Diproses: 4 peserta, 2 lulus (50.0%)
13:52:56 [INFO] [USKP] Diproses: 4 peserta, 2 lulus (50.0%)
13:52:56 [INFO] [PBJ] Diproses: 4 peserta, 2 lulus (50.0%)
13:52:56 [INFO] [PengTes] Diproses: 4 peserta, 3 lulus (75.0%)
13:52:56 [INFO] ✓ JSON diperbarui → C:\Users\ThinkPad\OneDrive - Kemenkeu\2026\dashboard sertifikasi\data\dashboard_data.json
13:52:56 [INFO]   Total: 1392 peserta | Avg lulus: 0.6%
13:58:24 [INFO] Perubahan terdeteksi di basis data.xlsx → memproses ulang...
13:58:26 [INFO] Membuka: basis data.xlsx
13:58:26 [INFO] Sheet tersedia: ['source', 'JFKN', 'SAK', 'AC', 'Beasiswa', 'USKP', 'PBJ', 'PengTes']
13:58:26 [INFO] [JFKN] Diproses: 194 peserta, 0 lulus (0.0%)
13:58:26 [INFO] [SAK] Diproses: 1053 peserta, 0 lulus (0.0%)
13:58:26 [INFO] [AC] Diproses: 129 peserta, 0 lulus (0.0%)
13:58:26 [INFO] [Beasiswa] Diproses: 4 peserta, 2 lulus (50.0%)
13:58:26 [INFO] [USKP] Diproses: 4 peserta, 2 lulus (50.0%)
13:58:26 [INFO] [PBJ] Diproses: 4 peserta, 2 lulus (50.0%)
13:58:26 [INFO] [PengTes] Diproses: 4 peserta, 3 lulus (75.0%)
13:58:26 [INFO] ✓ JSON diperbarui → C:\Users\ThinkPad\OneDrive - Kemenkeu\2026\dashboard sertifikasi\data\dashboard_data.json
13:58:26 [INFO]   Total: 1392 peserta | Avg lulus: 0.6%
14:59:00 [INFO] Perubahan terdeteksi di basis data.xlsx → memproses ulang...
14:59:01 [INFO] Membuka: basis data.xlsx
14:59:02 [INFO] Sheet tersedia: ['source', 'JFKN', 'SAK', 'AC', 'Beasiswa', 'USKP', 'PBJ', 'PengTes']
14:59:02 [INFO] [JFKN] Diproses: 194 peserta, 0 lulus (0.0%)
14:59:02 [INFO] [SAK] Diproses: 1053 peserta, 0 lulus (0.0%)
14:59:02 [INFO] [AC] Diproses: 129 peserta, 0 lulus (0.0%)
14:59:02 [INFO] [Beasiswa] Diproses: 4 peserta, 2 lulus (50.0%)
14:59:02 [INFO] [USKP] Diproses: 4 peserta, 2 lulus (50.0%)
14:59:02 [INFO] [PBJ] Diproses: 4 peserta, 2 lulus (50.0%)
14:59:02 [INFO] [PengTes] Diproses: 4 peserta, 3 lulus (75.0%)
14:59:02 [INFO] ✓ JSON diperbarui → C:\Users\ThinkPad\OneDrive - Kemenkeu\2026\dashboard sertifikasi\data\dashboard_data.json
14:59:02 [INFO]   Total: 1392 peserta | Avg lulus: 0.6%
14:59:46 [INFO] Perubahan terdeteksi di basis data.xlsx → memproses ulang...
14:59:47 [INFO] Membuka: basis data.xlsx
14:59:48 [INFO] Sheet tersedia: ['source', 'JFKN', 'SAK', 'AC', 'Beasiswa', 'USKP', 'PBJ', 'PengTes']
14:59:48 [INFO] [JFKN] Diproses: 194 peserta, 0 lulus (0.0%)
14:59:48 [INFO] [SAK] Diproses: 1053 peserta, 0 lulus (0.0%)
14:59:48 [INFO] [AC] Diproses: 129 peserta, 0 lulus (0.0%)
14:59:48 [INFO] [Beasiswa] Diproses: 4 peserta, 2 lulus (50.0%)
14:59:48 [INFO] [USKP] Diproses: 4 peserta, 2 lulus (50.0%)
14:59:48 [INFO] [PBJ] Diproses: 4 peserta, 2 lulus (50.0%)
14:59:48 [INFO] [PengTes] Diproses: 4 peserta, 3 lulus (75.0%)
14:59:48 [INFO] ✓ JSON diperbarui → C:\Users\ThinkPad\OneDrive - Kemenkeu\2026\dashboard sertifikasi\data\dashboard_data.json
14:59:48 [INFO]   Total: 1392 peserta | Avg lulus: 0.6%
15:00:32 [INFO] Perubahan terdeteksi di basis data.xlsx → memproses ulang...
15:00:33 [INFO] Membuka: basis data.xlsx
15:00:33 [INFO] Sheet tersedia: ['source', 'JFKN', 'SAK', 'AC', 'Beasiswa', 'USKP', 'PBJ', 'PengTes']
15:00:33 [INFO] [JFKN] Diproses: 194 peserta, 0 lulus (0.0%)
15:00:33 [INFO] [SAK] Diproses: 1053 peserta, 0 lulus (0.0%)
15:00:34 [INFO] [AC] Diproses: 129 peserta, 0 lulus (0.0%)
15:00:34 [INFO] [Beasiswa] Diproses: 4 peserta, 2 lulus (50.0%)
15:00:34 [INFO] [USKP] Diproses: 4 peserta, 2 lulus (50.0%)
15:00:34 [INFO] [PBJ] Diproses: 4 peserta, 2 lulus (50.0%)
15:00:34 [INFO] [PengTes] Diproses: 4 peserta, 3 lulus (75.0%)
15:00:34 [INFO] ✓ JSON diperbarui → C:\Users\ThinkPad\OneDrive - Kemenkeu\2026\dashboard sertifikasi\data\dashboard_data.json
15:00:34 [INFO]   Total: 1392 peserta | Avg lulus: 0.6%
15:01:18 [INFO] Perubahan terdeteksi di basis data.xlsx → memproses ulang...
15:01:20 [INFO] Membuka: basis data.xlsx
15:01:20 [INFO] Sheet tersedia: ['source', 'JFKN', 'SAK', 'AC', 'Beasiswa', 'USKP', 'PBJ', 'PengTes']
15:01:20 [INFO] [JFKN] Diproses: 194 peserta, 0 lulus (0.0%)
15:01:20 [INFO] [SAK] Diproses: 1053 peserta, 0 lulus (0.0%)
15:01:20 [INFO] [AC] Diproses: 129 peserta, 0 lulus (0.0%)
15:01:20 [INFO] [Beasiswa] Diproses: 4 peserta, 2 lulus (50.0%)
15:01:20 [INFO] [USKP] Diproses: 4 peserta, 2 lulus (50.0%)
15:01:20 [INFO] [PBJ] Diproses: 4 peserta, 2 lulus (50.0%)
15:01:20 [INFO] [PengTes] Diproses: 4 peserta, 3 lulus (75.0%)
15:01:20 [INFO] ✓ JSON diperbarui → C:\Users\ThinkPad\OneDrive - Kemenkeu\2026\dashboard sertifikasi\data\dashboard_data.json
15:01:20 [INFO]   Total: 1392 peserta | Avg lulus: 0.6%
15:03:45 [INFO] Perubahan terdeteksi di basis data.xlsx → memproses ulang...
15:03:47 [INFO] Membuka: basis data.xlsx
15:03:47 [INFO] Sheet tersedia: ['source', 'JFKN', 'SAK', 'AC', 'Beasiswa', 'USKP', 'PBJ', 'PengTes']
15:03:47 [INFO] [JFKN] Diproses: 194 peserta, 0 lulus (0.0%)
15:03:47 [INFO] [SAK] Diproses: 1053 peserta, 0 lulus (0.0%)
15:03:47 [INFO] [AC] Diproses: 129 peserta, 0 lulus (0.0%)
15:03:47 [INFO] [Beasiswa] Diproses: 4 peserta, 2 lulus (50.0%)
15:03:47 [INFO] [USKP] Diproses: 4 peserta, 2 lulus (50.0%)
15:03:47 [INFO] [PBJ] Diproses: 4 peserta, 2 lulus (50.0%)
15:03:47 [INFO] [PengTes] Diproses: 4 peserta, 3 lulus (75.0%)
15:03:47 [INFO] ✓ JSON diperbarui → C:\Users\ThinkPad\OneDrive - Kemenkeu\2026\dashboard sertifikasi\data\dashboard_data.json
15:03:47 [INFO]   Total: 1392 peserta | Avg lulus: 0.6%
15:11:01 [INFO] Perubahan terdeteksi di basis data.xlsx → memproses ulang...
15:11:03 [INFO] Membuka: basis data.xlsx
15:11:03 [INFO] Sheet tersedia: ['source', 'JFKN', 'SAK', 'AC', 'Beasiswa', 'USKP', 'PBJ', 'PengTes']
15:11:03 [INFO] [JFKN] Diproses: 194 peserta, 0 lulus (0.0%)
15:11:03 [INFO] [SAK] Diproses: 1053 peserta, 0 lulus (0.0%)
15:11:03 [INFO] [AC] Diproses: 129 peserta, 0 lulus (0.0%)
15:11:03 [INFO] [Beasiswa] Diproses: 4 peserta, 2 lulus (50.0%)
15:11:03 [INFO] [USKP] Diproses: 4 peserta, 2 lulus (50.0%)
15:11:03 [INFO] [PBJ] Diproses: 4 peserta, 2 lulus (50.0%)
15:11:03 [INFO] [PengTes] Diproses: 4 peserta, 3 lulus (75.0%)
15:11:03 [INFO] ✓ JSON diperbarui → C:\Users\ThinkPad\OneDrive - Kemenkeu\2026\dashboard sertifikasi\data\dashboard_data.json
15:11:03 [INFO]   Total: 1392 peserta | Avg lulus: 0.6%
15:11:05 [INFO] Perubahan terdeteksi di basis data.xlsx → memproses ulang...
15:11:06 [INFO] Membuka: basis data.xlsx
15:11:07 [INFO] Sheet tersedia: ['source', 'JFKN', 'SAK', 'AC', 'Beasiswa', 'USKP', 'PBJ', 'PengTes']
15:11:07 [INFO] [JFKN] Diproses: 194 peserta, 0 lulus (0.0%)
15:11:07 [INFO] [SAK] Diproses: 1053 peserta, 0 lulus (0.0%)
15:11:07 [INFO] [AC] Diproses: 129 peserta, 0 lulus (0.0%)
15:11:07 [INFO] [Beasiswa] Diproses: 4 peserta, 2 lulus (50.0%)
15:11:07 [INFO] [USKP] Diproses: 4 peserta, 2 lulus (50.0%)
15:11:07 [INFO] [PBJ] Diproses: 4 peserta, 2 lulus (50.0%)
15:11:07 [INFO] [PengTes] Diproses: 4 peserta, 3 lulus (75.0%)
15:11:07 [INFO] ✓ JSON diperbarui → C:\Users\ThinkPad\OneDrive - Kemenkeu\2026\dashboard sertifikasi\data\dashboard_data.json
15:11:07 [INFO]   Total: 1392 peserta | Avg lulus: 0.6%
15:13:44 [INFO] Perubahan terdeteksi di basis data.xlsx → memproses ulang...
15:13:45 [INFO] Membuka: basis data.xlsx
15:13:45 [INFO] Sheet tersedia: ['source', 'JFKN', 'SAK', 'AC', 'Beasiswa', 'USKP', 'PBJ', 'PengTes']
15:13:45 [INFO] [JFKN] Diproses: 194 peserta, 0 lulus (0.0%)
15:13:46 [INFO] [SAK] Diproses: 1053 peserta, 0 lulus (0.0%)
15:13:46 [INFO] [AC] Diproses: 129 peserta, 0 lulus (0.0%)
15:13:46 [INFO] [Beasiswa] Diproses: 4 peserta, 2 lulus (50.0%)
15:13:46 [INFO] [USKP] Diproses: 4 peserta, 2 lulus (50.0%)
15:13:46 [INFO] [PBJ] Diproses: 4 peserta, 2 lulus (50.0%)
15:13:46 [INFO] [PengTes] Diproses: 4 peserta, 3 lulus (75.0%)
15:13:46 [INFO] ✓ JSON diperbarui → C:\Users\ThinkPad\OneDrive - Kemenkeu\2026\dashboard sertifikasi\data\dashboard_data.json
15:13:46 [INFO]   Total: 1392 peserta | Avg lulus: 0.6%
15:14:54 [INFO] Perubahan terdeteksi di basis data.xlsx → memproses ulang...
15:14:55 [INFO] Membuka: basis data.xlsx
15:14:55 [INFO] Sheet tersedia: ['source', 'JFKN', 'SAK', 'AC', 'Beasiswa', 'USKP', 'PBJ', 'PengTes']
15:14:55 [INFO] [JFKN] Diproses: 194 peserta, 0 lulus (0.0%)
15:14:55 [INFO] [SAK] Diproses: 1053 peserta, 0 lulus (0.0%)
15:14:55 [INFO] [AC] Diproses: 129 peserta, 0 lulus (0.0%)
15:14:55 [INFO] [Beasiswa] Diproses: 4 peserta, 2 lulus (50.0%)
15:14:55 [INFO] [USKP] Diproses: 4 peserta, 2 lulus (50.0%)
15:14:55 [INFO] [PBJ] Diproses: 4 peserta, 2 lulus (50.0%)
15:14:55 [INFO] [PengTes] Diproses: 4 peserta, 3 lulus (75.0%)
15:14:55 [INFO] ✓ JSON diperbarui → C:\Users\ThinkPad\OneDrive - Kemenkeu\2026\dashboard sertifikasi\data\dashboard_data.json
15:14:55 [INFO]   Total: 1392 peserta | Avg lulus: 0.6%
15:15:43 [INFO] Perubahan terdeteksi di basis data.xlsx → memproses ulang...
15:15:44 [INFO] Membuka: basis data.xlsx
15:15:44 [INFO] Sheet tersedia: ['source', 'JFKN', 'SAK', 'AC', 'Beasiswa', 'USKP', 'PBJ', 'PengTes']
15:15:44 [INFO] [JFKN] Diproses: 194 peserta, 0 lulus (0.0%)
15:15:45 [INFO] [SAK] Diproses: 1053 peserta, 0 lulus (0.0%)
15:15:45 [INFO] [AC] Diproses: 129 peserta, 0 lulus (0.0%)
15:15:45 [INFO] [Beasiswa] Diproses: 4 peserta, 2 lulus (50.0%)
15:15:45 [INFO] [USKP] Diproses: 4 peserta, 2 lulus (50.0%)
15:15:45 [INFO] [PBJ] Diproses: 4 peserta, 2 lulus (50.0%)
15:15:45 [INFO] [PengTes] Diproses: 4 peserta, 3 lulus (75.0%)
15:15:45 [INFO] ✓ JSON diperbarui → C:\Users\ThinkPad\OneDrive - Kemenkeu\2026\dashboard sertifikasi\data\dashboard_data.json
15:15:45 [INFO]   Total: 1392 peserta | Avg lulus: 0.6%
15:17:28 [INFO] Perubahan terdeteksi di basis data.xlsx → memproses ulang...
15:17:30 [INFO] Membuka: basis data.xlsx
15:17:30 [INFO] Sheet tersedia: ['source', 'JFKN', 'SAK', 'AC', 'Beasiswa', 'USKP', 'PBJ', 'PengTes']
15:17:30 [INFO] [JFKN] Diproses: 194 peserta, 0 lulus (0.0%)
15:17:30 [INFO] [SAK] Diproses: 1053 peserta, 0 lulus (0.0%)
15:17:30 [INFO] [AC] Diproses: 129 peserta, 0 lulus (0.0%)
15:17:30 [INFO] [Beasiswa] Diproses: 4 peserta, 2 lulus (50.0%)
15:17:30 [INFO] [USKP] Diproses: 4 peserta, 2 lulus (50.0%)
15:17:30 [INFO] [PBJ] Diproses: 4 peserta, 2 lulus (50.0%)
15:17:30 [INFO] [PengTes] Diproses: 4 peserta, 3 lulus (75.0%)
15:17:30 [INFO] ✓ JSON diperbarui → C:\Users\ThinkPad\OneDrive - Kemenkeu\2026\dashboard sertifikasi\data\dashboard_data.json
15:17:30 [INFO]   Total: 1392 peserta | Avg lulus: 0.6%
15:24:36 [INFO] Perubahan terdeteksi di basis data.xlsx → memproses ulang...
15:24:38 [INFO] Membuka: basis data.xlsx
15:24:38 [INFO] Sheet tersedia: ['source', 'JFKN', 'SAK', 'AC', 'Beasiswa', 'USKP', 'PBJ', 'PengTes']
15:24:38 [INFO] [JFKN] Diproses: 194 peserta, 0 lulus (0.0%)
15:24:38 [INFO] [SAK] Diproses: 1053 peserta, 0 lulus (0.0%)
15:24:38 [INFO] [AC] Diproses: 129 peserta, 0 lulus (0.0%)
15:24:38 [INFO] [Beasiswa] Diproses: 4 peserta, 2 lulus (50.0%)
15:24:38 [INFO] [USKP] Diproses: 4 peserta, 2 lulus (50.0%)
15:24:38 [INFO] [PBJ] Diproses: 4 peserta, 2 lulus (50.0%)
15:24:38 [INFO] [PengTes] Diproses: 4 peserta, 3 lulus (75.0%)
15:24:38 [INFO] ✓ JSON diperbarui → C:\Users\ThinkPad\OneDrive - Kemenkeu\2026\dashboard sertifikasi\data\dashboard_data.json
15:24:38 [INFO]   Total: 1392 peserta | Avg lulus: 0.6%
15:39:04 [INFO] Perubahan terdeteksi di basis data.xlsx → memproses ulang...
15:39:06 [INFO] Membuka: basis data.xlsx
15:39:06 [INFO] Sheet tersedia: ['source', 'JFKN', 'SAK', 'AC', 'Beasiswa', 'USKP', 'PBJ', 'PengTes']
15:39:06 [INFO] [JFKN] Diproses: 194 peserta, 0 lulus (0.0%)
15:39:06 [INFO] [SAK] Diproses: 1053 peserta, 0 lulus (0.0%)
15:39:06 [INFO] [AC] Diproses: 129 peserta, 0 lulus (0.0%)
15:39:06 [INFO] [Beasiswa] Diproses: 4 peserta, 2 lulus (50.0%)
15:39:06 [INFO] [USKP] Diproses: 4 peserta, 2 lulus (50.0%)
15:39:06 [INFO] [PBJ] Diproses: 4 peserta, 2 lulus (50.0%)
15:39:06 [INFO] [PengTes] Diproses: 4 peserta, 3 lulus (75.0%)
15:39:06 [INFO] ✓ JSON diperbarui → C:\Users\ThinkPad\OneDrive - Kemenkeu\2026\dashboard sertifikasi\data\dashboard_data.json
15:39:06 [INFO]   Total: 1392 peserta | Avg lulus: 0.6%
15:41:03 [INFO] Perubahan terdeteksi di basis data.xlsx → memproses ulang...
15:41:05 [INFO] Membuka: basis data.xlsx
15:41:05 [INFO] Sheet tersedia: ['source', 'JFKN', 'SAK', 'AC', 'Beasiswa', 'USKP', 'PBJ', 'PengTes']
15:41:05 [INFO] [JFKN] Diproses: 194 peserta, 0 lulus (0.0%)
15:41:05 [INFO] [SAK] Diproses: 1053 peserta, 0 lulus (0.0%)
15:41:05 [ERROR] [AC] Kolom 'Status' tidak ditemukan. Cek format sheet.
15:41:05 [INFO] [Beasiswa] Diproses: 4 peserta, 2 lulus (50.0%)
15:41:05 [INFO] [USKP] Diproses: 4 peserta, 2 lulus (50.0%)
15:41:05 [INFO] [PBJ] Diproses: 4 peserta, 2 lulus (50.0%)
15:41:05 [INFO] [PengTes] Diproses: 4 peserta, 3 lulus (75.0%)
15:41:05 [INFO] ✓ JSON diperbarui → C:\Users\ThinkPad\OneDrive - Kemenkeu\2026\dashboard sertifikasi\data\dashboard_data.json
15:41:05 [INFO]   Total: 1263 peserta | Avg lulus: 0.7%
15:46:38 [INFO] Perubahan terdeteksi di basis data.xlsx → memproses ulang...
15:46:40 [INFO] Membuka: basis data.xlsx
15:46:40 [INFO] Sheet tersedia: ['source', 'JFKN', 'SAK', 'AC', 'Beasiswa', 'USKP', 'PBJ', 'PengTes']
15:46:40 [INFO] [JFKN] Diproses: 194 peserta, 0 lulus (0.0%)
15:46:40 [INFO] [SAK] Diproses: 1053 peserta, 0 lulus (0.0%)
15:46:40 [ERROR] [AC] Kolom 'Status' tidak ditemukan. Cek format sheet.
15:46:40 [INFO] [Beasiswa] Diproses: 4 peserta, 2 lulus (50.0%)
15:46:41 [INFO] [USKP] Diproses: 4 peserta, 2 lulus (50.0%)
15:46:41 [INFO] [PBJ] Diproses: 4 peserta, 2 lulus (50.0%)
15:46:41 [INFO] [PengTes] Diproses: 4 peserta, 3 lulus (75.0%)
15:46:41 [INFO] ✓ JSON diperbarui → C:\Users\ThinkPad\OneDrive - Kemenkeu\2026\dashboard sertifikasi\data\dashboard_data.json
15:46:41 [INFO]   Total: 1263 peserta | Avg lulus: 0.7%
15:50:08 [INFO] ============================================================
15:50:08 [INFO]   Dashboard Monitoring Terpadu — Watcher Aktif
15:50:08 [INFO] ============================================================
15:50:08 [INFO]   File  : C:\Users\NamaAnda\OneDrive - Organisasi\Data Sertifikasi\basis data.xlsx
15:50:08 [INFO]   Output: C:\Users\ThinkPad\OneDrive - Kemenkeu\2026\dashboard sertifikasi\data\dashboard_data.json
15:50:08 [INFO]   Sheet : ['JFKN', 'SAK', 'AC', 'Beasiswa', 'USKP', 'PBJ', 'PengTes']
15:50:08 [INFO]   Ctrl+C untuk berhenti.
15:50:08 [INFO] ============================================================
15:50:08 [ERROR] File tidak ditemukan: C:\Users\NamaAnda\OneDrive - Organisasi\Data Sertifikasi\basis data.xlsx
15:51:33 [INFO] ============================================================
15:51:33 [INFO]   Dashboard Monitoring Terpadu — Watcher Aktif
15:51:33 [INFO] ============================================================
15:51:33 [INFO]   File  : C:\Users\ThinkPad\OneDrive - Kemenkeu\2026\basis data.xlsx
15:51:33 [INFO]   Output: C:\Users\ThinkPad\OneDrive - Kemenkeu\2026\dashboard sertifikasi\data\dashboard_data.json
15:51:33 [INFO]   Sheet : ['JFKN', 'SAK', 'AC', 'Beasiswa', 'USKP', 'PBJ', 'PengTes']
15:51:33 [INFO]   Ctrl+C untuk berhenti.
15:51:33 [INFO] ============================================================
15:51:33 [INFO] Memproses data awal...
15:51:33 [INFO] Membuka: basis data.xlsx
15:51:33 [ERROR] Gagal membuka file Excel: [Errno 13] Permission denied: 'C:\\Users\\ThinkPad\\OneDrive - Kemenkeu\\2026\\basis data.xlsx'
15:51:33 [INFO] Watcher aktif — memantau: C:\Users\ThinkPad\OneDrive - Kemenkeu\2026
15:52:12 [INFO] Watcher dihentikan.
15:52:21 [INFO] ============================================================
15:52:21 [INFO]   Dashboard Monitoring Terpadu — Watcher Aktif
15:52:21 [INFO] ============================================================
15:52:21 [INFO]   File  : C:\Users\ThinkPad\OneDrive - Kemenkeu\2026\basis data.xlsx
15:52:21 [INFO]   Output: C:\Users\ThinkPad\OneDrive - Kemenkeu\2026\dashboard sertifikasi\data\dashboard_data.json
15:52:21 [INFO]   Sheet : ['JFKN', 'SAK', 'AC', 'Beasiswa', 'USKP', 'PBJ', 'PengTes']
15:52:21 [INFO]   Ctrl+C untuk berhenti.
15:52:21 [INFO] ============================================================
15:52:21 [INFO] Memproses data awal...
15:52:21 [INFO] Membuka: basis data.xlsx
15:52:21 [INFO] Sheet tersedia: ['source', 'JFKN', 'SAK', 'AC', 'Beasiswa', 'USKP', 'PBJ', 'PengTes']
15:52:21 [INFO] [JFKN] 194 peserta, 0 lulus (0.0%)
15:52:22 [INFO] [SAK] 1053 peserta, 237 lulus (22.5%)
15:52:22 [INFO] [AC] 129 peserta | {'Optimal': 99, 'Cukup Optimal': 21, 'Kurang Optimal': 9}
15:52:22 [INFO] [Beasiswa] 4 penerima
15:52:22 [INFO] [PengTes] 4 peserta | ujian: {'tpa': 3, 'tbi': 1}
15:52:22 [INFO] JSON diperbarui -> C:\Users\ThinkPad\OneDrive - Kemenkeu\2026\dashboard sertifikasi\data\dashboard_data.json
15:52:22 [INFO]   Ringkasan pct-tim: 1247 peserta | avg lulus 19.0%
15:52:22 [INFO] Watcher aktif — memantau: C:\Users\ThinkPad\OneDrive - Kemenkeu\2026
15:57:12 [INFO] Perubahan terdeteksi -> memproses ulang...
15:57:14 [INFO] Membuka: basis data.xlsx
15:57:14 [INFO] Sheet tersedia: ['source', 'JFKN', 'SAK', 'AC', 'Beasiswa', 'USKP', 'PBJ', 'PengTes']
15:57:14 [INFO] [JFKN] 194 peserta, 0 lulus (0.0%)
15:57:15 [INFO] [SAK] 1053 peserta, 237 lulus (22.5%)
15:57:15 [INFO] [AC] 129 peserta | {'Optimal': 99, 'Cukup Optimal': 21, 'Kurang Optimal': 9}
15:57:15 [INFO] [Beasiswa] 4 penerima
15:57:15 [INFO] [USKP] 4 peserta, 2 lulus (50.0%)
15:57:15 [INFO] [PBJ] 4 peserta, 2 lulus (50.0%)
15:57:15 [INFO] [PengTes] 4 peserta | ujian: {'tpa': 3, 'tbi': 1}
15:57:15 [INFO] JSON diperbarui -> C:\Users\ThinkPad\OneDrive - Kemenkeu\2026\dashboard sertifikasi\data\dashboard_data.json
15:57:15 [INFO]   Ringkasan pct-tim: 1255 peserta | avg lulus 19.2%
16:03:28 [INFO] Perubahan terdeteksi -> memproses ulang...
16:03:30 [INFO] Membuka: basis data.xlsx
16:03:30 [INFO] Sheet tersedia: ['source', 'JFKN', 'SAK', 'AC', 'Beasiswa', 'USKP', 'PBJ', 'PengTes']
16:03:30 [INFO] [JFKN] 194 peserta, 0 lulus (0.0%)
16:03:31 [INFO] [SAK] 1053 peserta, 237 lulus (22.5%)
16:03:31 [INFO] [AC] 129 peserta | {'Optimal': 99, 'Cukup Optimal': 21, 'Kurang Optimal': 9}
16:03:31 [INFO] [Beasiswa] 4 penerima
16:03:31 [INFO] [USKP] 4 peserta, 2 lulus (50.0%)
16:03:31 [INFO] [PBJ] 4 peserta, 2 lulus (50.0%)
16:03:31 [INFO] [PengTes] 4 peserta | ujian: {'tpa': 3, 'tbi': 1}
16:03:31 [INFO] JSON diperbarui -> C:\Users\ThinkPad\OneDrive - Kemenkeu\2026\dashboard sertifikasi\data\dashboard_data.json
16:03:31 [INFO]   Ringkasan pct-tim: 1255 peserta | avg lulus 19.2%
07:49:02 [INFO] ============================================================
07:49:02 [INFO]   Dashboard Monitoring Terpadu — Watcher Aktif
07:49:02 [INFO] ============================================================
07:49:02 [INFO]   File  : C:\Users\ThinkPad\OneDrive - Kemenkeu\2026\basis data.xlsx
07:49:02 [INFO]   Output: C:\Users\ThinkPad\OneDrive - Kemenkeu\2026\dashboard sertifikasi\data\dashboard_data.json
07:49:02 [INFO]   Sheet : ['JFKN', 'SAK', 'AC', 'Beasiswa', 'USKP', 'PBJ', 'PengTes']
07:49:02 [INFO]   Ctrl+C untuk berhenti.
07:49:02 [INFO] ============================================================
07:49:02 [INFO] Memproses data awal...
07:49:02 [INFO] Membuka: basis data.xlsx
07:49:02 [INFO] Sheet tersedia: ['source', 'JFKN', 'SAK', 'AC', 'Beasiswa', 'USKP', 'PBJ', 'PengTes']
07:49:02 [INFO] [JFKN] 194 peserta, 0 lulus (0.0%)
07:49:03 [INFO] [SAK] 1053 peserta, 237 lulus (22.5%)
07:49:03 [INFO] [AC] 129 peserta | {'Optimal': 99, 'Cukup Optimal': 21, 'Kurang Optimal': 9}
07:49:03 [INFO] [Beasiswa] 4 penerima
07:49:03 [INFO] [USKP] 4 peserta, 2 lulus (50.0%)
07:49:03 [INFO] [PBJ] 4 peserta, 2 lulus (50.0%)
07:49:03 [INFO] [PengTes] 4 peserta | ujian: {'tpa': 3, 'tbi': 1}
07:49:03 [INFO] JSON diperbarui -> C:\Users\ThinkPad\OneDrive - Kemenkeu\2026\dashboard sertifikasi\data\dashboard_data.json
07:49:03 [INFO]   Ringkasan pct-tim: 1255 peserta | avg lulus 19.2%
07:49:03 [INFO] Watcher aktif — memantau: C:\Users\ThinkPad\OneDrive - Kemenkeu\2026
10:49:40 [INFO] Perubahan terdeteksi -> memproses ulang...
10:49:41 [INFO] Membuka: basis data.xlsx
10:49:42 [INFO] Sheet tersedia: ['source', 'JFKN', 'SAK', 'AC', 'Beasiswa', 'USKP', 'PBJ', 'PengTes']
10:49:42 [INFO] [JFKN] 194 peserta, 0 lulus (0.0%)
10:49:42 [INFO] [SAK] 1053 peserta, 237 lulus (22.5%)
10:49:42 [INFO] [AC] 129 peserta | {'Optimal': 99, 'Cukup Optimal': 21, 'Kurang Optimal': 9}
10:49:42 [INFO] [Beasiswa] 4 penerima
10:49:42 [INFO] [USKP] 4 peserta, 2 lulus (50.0%)
10:49:42 [INFO] [PBJ] 4 peserta, 2 lulus (50.0%)
10:49:42 [INFO] [PengTes] 4 peserta | ujian: {'tpa': 3, 'tbi': 1}
10:49:42 [INFO] JSON diperbarui -> C:\Users\ThinkPad\OneDrive - Kemenkeu\2026\dashboard sertifikasi\data\dashboard_data.json
10:49:42 [INFO]   Ringkasan pct-tim: 1255 peserta | avg lulus 19.2%
10:50:42 [INFO] Perubahan terdeteksi -> memproses ulang...
10:50:43 [INFO] Membuka: basis data.xlsx
10:50:44 [INFO] Sheet tersedia: ['source', 'JFKN', 'SAK', 'AC', 'Beasiswa', 'USKP', 'PBJ', 'PengTes']
10:50:44 [INFO] [JFKN] 194 peserta, 0 lulus (0.0%)
10:50:44 [INFO] [SAK] 1053 peserta, 237 lulus (22.5%)
10:50:44 [INFO] [AC] 129 peserta | {'Optimal': 99, 'Cukup Optimal': 21, 'Kurang Optimal': 9}
10:50:44 [INFO] [Beasiswa] 4 penerima
10:50:44 [INFO] [USKP] 4 peserta, 2 lulus (50.0%)
10:50:44 [INFO] [PBJ] 4 peserta, 2 lulus (50.0%)
10:50:44 [INFO] [PengTes] 4 peserta | ujian: {'tpa': 3, 'tbi': 1}
10:50:44 [INFO] JSON diperbarui -> C:\Users\ThinkPad\OneDrive - Kemenkeu\2026\dashboard sertifikasi\data\dashboard_data.json
10:50:44 [INFO]   Ringkasan pct-tim: 1255 peserta | avg lulus 19.2%
10:51:46 [INFO] Perubahan terdeteksi -> memproses ulang...
10:51:47 [INFO] Membuka: basis data.xlsx
10:51:47 [INFO] Sheet tersedia: ['source', 'JFKN', 'SAK', 'AC', 'Beasiswa', 'USKP', 'PBJ', 'PengTes']
10:51:47 [INFO] [JFKN] 194 peserta, 0 lulus (0.0%)
10:51:48 [INFO] [SAK] 1053 peserta, 237 lulus (22.5%)
10:51:48 [INFO] [AC] 129 peserta | {'Optimal': 99, 'Cukup Optimal': 21, 'Kurang Optimal': 9}
10:51:48 [INFO] [Beasiswa] 4 penerima
10:51:48 [INFO] [USKP] 4 peserta, 2 lulus (50.0%)
10:51:48 [INFO] [PBJ] 4 peserta, 2 lulus (50.0%)
10:51:48 [INFO] [PengTes] 4 peserta | ujian: {'tpa': 3, 'tbi': 1}
10:51:48 [INFO] JSON diperbarui -> C:\Users\ThinkPad\OneDrive - Kemenkeu\2026\dashboard sertifikasi\data\dashboard_data.json
10:51:48 [INFO]   Ringkasan pct-tim: 1255 peserta | avg lulus 19.2%
10:55:22 [INFO] Perubahan terdeteksi -> memproses ulang...
10:55:24 [INFO] Membuka: basis data.xlsx
10:55:24 [INFO] Sheet tersedia: ['source', 'JFKN', 'SAK', 'AC', 'Beasiswa', 'USKP', 'PBJ', 'PengTes']
10:55:24 [INFO] [JFKN] 194 peserta, 0 lulus (0.0%)
10:55:24 [INFO] [SAK] 1053 peserta, 237 lulus (22.5%)
10:55:24 [INFO] [AC] 129 peserta | {'Optimal': 99, 'Cukup Optimal': 21, 'Kurang Optimal': 9}
10:55:24 [INFO] [Beasiswa] 4 penerima
10:55:24 [INFO] [USKP] 4 peserta, 2 lulus (50.0%)
10:55:24 [INFO] [PBJ] 4 peserta, 2 lulus (50.0%)
10:55:24 [INFO] [PengTes] 4 peserta | ujian: {'tpa': 3, 'tbi': 1}
10:55:24 [INFO] JSON diperbarui -> C:\Users\ThinkPad\OneDrive - Kemenkeu\2026\dashboard sertifikasi\data\dashboard_data.json
10:55:24 [INFO]   Ringkasan pct-tim: 1255 peserta | avg lulus 19.2%
10:57:36 [INFO] Perubahan terdeteksi -> memproses ulang...
10:57:38 [INFO] Membuka: basis data.xlsx
10:57:38 [INFO] Sheet tersedia: ['source', 'JFKN', 'SAK', 'AC', 'Beasiswa', 'USKP', 'PBJ', 'PengTes']
10:57:38 [INFO] [JFKN] 194 peserta, 0 lulus (0.0%)
10:57:39 [INFO] [SAK] 1053 peserta, 237 lulus (22.5%)
10:57:39 [INFO] [AC] 129 peserta | {'Optimal': 99, 'Cukup Optimal': 21, 'Kurang Optimal': 9}
10:57:39 [INFO] [Beasiswa] 4 penerima
10:57:39 [INFO] [USKP] 4 peserta, 2 lulus (50.0%)
10:57:39 [INFO] [PBJ] 4 peserta, 2 lulus (50.0%)
10:57:39 [INFO] [PengTes] 4 peserta | ujian: {'tpa': 3, 'tbi': 1}
10:57:39 [INFO] JSON diperbarui -> C:\Users\ThinkPad\OneDrive - Kemenkeu\2026\dashboard sertifikasi\data\dashboard_data.json
10:57:39 [INFO]   Ringkasan pct-tim: 1255 peserta | avg lulus 19.2%
10:58:24 [INFO] Perubahan terdeteksi -> memproses ulang...
10:58:26 [INFO] Membuka: basis data.xlsx
10:58:26 [INFO] Sheet tersedia: ['source', 'JFKN', 'SAK', 'AC', 'Beasiswa', 'USKP', 'PBJ', 'PengTes']
10:58:26 [INFO] [JFKN] 194 peserta, 0 lulus (0.0%)
10:58:27 [INFO] [SAK] 1053 peserta, 237 lulus (22.5%)
10:58:27 [INFO] [AC] 129 peserta | {'Optimal': 99, 'Cukup Optimal': 21, 'Kurang Optimal': 9}
10:58:27 [INFO] [Beasiswa] 4 penerima
10:58:27 [INFO] [USKP] 4 peserta, 2 lulus (50.0%)
10:58:27 [INFO] [PBJ] 4 peserta, 2 lulus (50.0%)
10:58:27 [INFO] [PengTes] 4 peserta | ujian: {'tpa': 3, 'tbi': 1}
10:58:27 [INFO] JSON diperbarui -> C:\Users\ThinkPad\OneDrive - Kemenkeu\2026\dashboard sertifikasi\data\dashboard_data.json
10:58:27 [INFO]   Ringkasan pct-tim: 1255 peserta | avg lulus 19.2%
11:00:00 [INFO] Perubahan terdeteksi -> memproses ulang...
11:00:01 [INFO] Membuka: basis data.xlsx
11:00:01 [INFO] Sheet tersedia: ['source', 'JFKN', 'SAK', 'AC', 'Beasiswa', 'USKP', 'PBJ', 'PengTes']
11:00:01 [INFO] [JFKN] 194 peserta, 0 lulus (0.0%)
11:00:02 [INFO] [SAK] 1053 peserta, 237 lulus (22.5%)
11:00:02 [INFO] [AC] 129 peserta | {'Optimal': 99, 'Cukup Optimal': 21, 'Kurang Optimal': 9}
11:00:02 [INFO] [Beasiswa] 4 penerima
11:00:02 [INFO] [USKP] 4 peserta, 2 lulus (50.0%)
11:00:02 [INFO] [PBJ] 4 peserta, 2 lulus (50.0%)
11:00:02 [INFO] [PengTes] 4 peserta | ujian: {'tpa': 3, 'tbi': 1}
11:00:02 [INFO] JSON diperbarui -> C:\Users\ThinkPad\OneDrive - Kemenkeu\2026\dashboard sertifikasi\data\dashboard_data.json
11:00:02 [INFO]   Ringkasan pct-tim: 1255 peserta | avg lulus 19.2%
11:05:17 [INFO] Perubahan terdeteksi -> memproses ulang...
11:05:18 [INFO] Membuka: basis data.xlsx
11:05:18 [INFO] Sheet tersedia: ['source', 'JFKN', 'SAK', 'AC', 'Beasiswa', 'USKP', 'PBJ', 'PengTes']
11:05:19 [INFO] [JFKN] 194 peserta, 0 lulus (0.0%)
11:05:19 [INFO] [SAK] 1053 peserta, 237 lulus (22.5%)
11:05:19 [INFO] [AC] 129 peserta | {'Optimal': 99, 'Cukup Optimal': 21, 'Kurang Optimal': 9}
11:05:19 [INFO] [Beasiswa] 4 penerima
11:05:19 [INFO] [USKP] 4 peserta, 2 lulus (50.0%)
11:05:19 [INFO] [PBJ] 4 peserta, 2 lulus (50.0%)
11:05:19 [INFO] [PengTes] 4 peserta | ujian: {'tpa': 3, 'tbi': 1}
11:05:19 [INFO] JSON diperbarui -> C:\Users\ThinkPad\OneDrive - Kemenkeu\2026\dashboard sertifikasi\data\dashboard_data.json
11:05:19 [INFO]   Ringkasan pct-tim: 1255 peserta | avg lulus 19.2%
11:11:32 [INFO] Perubahan terdeteksi -> memproses ulang...
11:11:33 [INFO] Membuka: basis data.xlsx
11:11:34 [INFO] Sheet tersedia: ['source', 'JFKN', 'SAK', 'AC', 'Beasiswa', 'USKP', 'PBJ', 'PengTes']
11:11:34 [INFO] [JFKN] 194 peserta, 0 lulus (0.0%)
11:11:34 [INFO] [SAK] 1053 peserta, 237 lulus (22.5%)
11:11:34 [INFO] [AC] 129 peserta | {'Optimal': 99, 'Cukup Optimal': 21, 'Kurang Optimal': 9}
11:11:34 [INFO] [Beasiswa] 4 penerima
11:11:34 [INFO] [USKP] 4 peserta, 2 lulus (50.0%)
11:11:34 [INFO] [PBJ] 4 peserta, 2 lulus (50.0%)
11:11:34 [INFO] [PengTes] 4 peserta | ujian: {'tpa': 3, 'tbi': 1}
11:11:34 [INFO] JSON diperbarui -> C:\Users\ThinkPad\OneDrive - Kemenkeu\2026\dashboard sertifikasi\data\dashboard_data.json
11:11:34 [INFO]   Ringkasan pct-tim: 1255 peserta | avg lulus 19.2%
11:15:14 [INFO] Perubahan terdeteksi -> memproses ulang...
11:15:15 [INFO] Membuka: basis data.xlsx
11:15:16 [INFO] Sheet tersedia: ['source', 'JFKN', 'SAK', 'AC', 'Beasiswa', 'USKP', 'PBJ', 'PengTes', 'Sheet1']
11:15:16 [INFO] [JFKN] 194 peserta, 0 lulus (0.0%)
11:15:16 [INFO] [SAK] 1053 peserta, 237 lulus (22.5%)
11:15:16 [INFO] [AC] 129 peserta | {'Optimal': 99, 'Cukup Optimal': 21, 'Kurang Optimal': 9}
11:15:16 [INFO] [Beasiswa] 4 penerima
11:15:16 [INFO] [USKP] 4 peserta, 2 lulus (50.0%)
11:15:16 [INFO] [PBJ] 4 peserta, 2 lulus (50.0%)
11:15:16 [INFO] [PengTes] 4 peserta | ujian: {'tpa': 3, 'tbi': 1}
11:15:16 [INFO] JSON diperbarui -> C:\Users\ThinkPad\OneDrive - Kemenkeu\2026\dashboard sertifikasi\data\dashboard_data.json
11:15:16 [INFO]   Ringkasan pct-tim: 1255 peserta | avg lulus 19.2%
11:16:32 [INFO] Perubahan terdeteksi -> memproses ulang...
11:16:34 [INFO] Membuka: basis data.xlsx
11:16:34 [INFO] Sheet tersedia: ['source', 'JFKN', 'SAK', 'AC', 'Beasiswa', 'USKP', 'PBJ', 'PengTes', 'Sheet1']
11:16:34 [INFO] [JFKN] 194 peserta, 0 lulus (0.0%)
11:16:34 [INFO] [SAK] 1053 peserta, 237 lulus (22.5%)
11:16:34 [INFO] [AC] 129 peserta | {'Optimal': 99, 'Cukup Optimal': 21, 'Kurang Optimal': 9}
11:16:34 [INFO] [Beasiswa] 4 penerima
11:16:34 [INFO] [USKP] 4 peserta, 2 lulus (50.0%)
11:16:34 [INFO] [PBJ] 4 peserta, 2 lulus (50.0%)
11:16:34 [INFO] [PengTes] 4 peserta | ujian: {'tpa': 3, 'tbi': 1}
11:16:34 [INFO] JSON diperbarui -> C:\Users\ThinkPad\OneDrive - Kemenkeu\2026\dashboard sertifikasi\data\dashboard_data.json
11:16:34 [INFO]   Ringkasan pct-tim: 1255 peserta | avg lulus 19.2%
11:26:59 [INFO] Perubahan terdeteksi -> memproses ulang...
11:27:01 [INFO] Membuka: basis data.xlsx
11:27:01 [INFO] Sheet tersedia: ['source', 'JFKN', 'SAK', 'AC', 'Beasiswa', 'USKP', 'PBJ', 'PengTes', 'Sheet1']
11:27:01 [INFO] [JFKN] 194 peserta, 0 lulus (0.0%)
11:27:02 [INFO] [SAK] 1053 peserta, 237 lulus (22.5%)
11:27:02 [INFO] [AC] 129 peserta | {'Optimal': 99, 'Cukup Optimal': 21, 'Kurang Optimal': 9}
11:27:02 [INFO] [Beasiswa] 4 penerima
11:27:02 [INFO] [USKP] 4 peserta, 2 lulus (50.0%)
11:27:02 [INFO] [PBJ] 4 peserta, 2 lulus (50.0%)
11:27:02 [INFO] [PengTes] 4 peserta | ujian: {'tpa': 3, 'tbi': 1}
11:27:02 [INFO] JSON diperbarui -> C:\Users\ThinkPad\OneDrive - Kemenkeu\2026\dashboard sertifikasi\data\dashboard_data.json
11:27:02 [INFO]   Ringkasan pct-tim: 1255 peserta | avg lulus 19.2%
11:34:02 [INFO] Watcher dihentikan.
11:34:14 [INFO] ============================================================
11:34:14 [INFO]   Dashboard Monitoring Terpadu — Watcher Aktif
11:34:14 [INFO] ============================================================
11:34:14 [INFO]   File  : C:\Users\NamaAnda\OneDrive - Organisasi\Data Sertifikasi\basis data.xlsx
11:34:14 [INFO]   Output: C:\Users\ThinkPad\OneDrive - Kemenkeu\2026\dashboard sertifikasi\data\dashboard_data.json
11:34:14 [INFO]   Sheet : ['JFKN', 'SAK', 'AC', 'Beasiswa', 'USKP', 'PBJ', 'PengTes']
11:34:14 [INFO]   Ctrl+C untuk berhenti.
11:34:14 [INFO] ============================================================
11:34:14 [ERROR] File tidak ditemukan: C:\Users\NamaAnda\OneDrive - Organisasi\Data Sertifikasi\basis data.xlsx
11:35:43 [INFO] ============================================================
11:35:43 [INFO]   Dashboard Monitoring Terpadu — Watcher Aktif
11:35:43 [INFO] ============================================================
11:35:43 [INFO]   File  : C:\Users\ThinkPad\OneDrive - Kemenkeu\2026\template basis data.xlsx
11:35:43 [INFO]   Output: C:\Users\ThinkPad\OneDrive - Kemenkeu\2026\dashboard sertifikasi\data\dashboard_data.json
11:35:43 [INFO]   Sheet : ['JFKN', 'SAK', 'AC', 'Beasiswa', 'USKP', 'PBJ', 'PengTes']
11:35:43 [INFO]   Ctrl+C untuk berhenti.
11:35:43 [INFO] ============================================================
11:35:43 [INFO] Memproses data awal...
11:35:43 [INFO] Membuka: template basis data.xlsx
11:35:43 [INFO] Sheet tersedia: ['JFKN', 'SAK', 'AC']
11:35:43 [WARNING] Sheet 'output' tidak ditemukan — progress bar target tidak akan tampil.
11:35:43 [INFO] [JFKN] 194 peserta, 0 lulus (0.0%)
11:35:43 [INFO] [SAK] 1053 peserta, 0 lulus (0.0%)
11:35:43 [INFO] [AC] 129 peserta
11:35:43 [WARNING] [Beasiswa] Sheet 'Beasiswa' tidak ditemukan.
11:35:43 [WARNING] [USKP] Sheet 'USKP' tidak ditemukan.
11:35:43 [WARNING] [PBJ] Sheet 'PBJ' tidak ditemukan.
11:35:43 [WARNING] [PengTes] Sheet 'PengTes' tidak ditemukan.
11:35:43 [INFO] JSON diperbarui -> C:\Users\ThinkPad\OneDrive - Kemenkeu\2026\dashboard sertifikasi\data\dashboard_data.json
11:35:43 [INFO]   pct-tim: 1247 peserta | avg lulus 0.0% | 0 angkatan
11:35:43 [INFO] Watcher aktif — memantau: C:\Users\ThinkPad\OneDrive - Kemenkeu\2026
11:48:53 [INFO] Watcher dihentikan.
11:49:24 [INFO] ============================================================
11:49:24 [INFO]   Dashboard Monitoring Terpadu — Watcher Aktif
11:49:24 [INFO] ============================================================
11:49:24 [INFO]   File  : C:\Users\ThinkPad\OneDrive - Kemenkeu\2026\template basis data.xlsx
11:49:24 [INFO]   Output: C:\Users\ThinkPad\OneDrive - Kemenkeu\2026\dashboard sertifikasi\data\dashboard_data.json
11:49:24 [INFO]   Sheet : ['JFKN', 'SAK', 'AC', 'Beasiswa', 'USKP', 'PBJ', 'PengTes']
11:49:24 [INFO]   Ctrl+C untuk berhenti.
11:49:24 [INFO] ============================================================
11:49:24 [INFO] Memproses data awal...
11:49:24 [INFO] Membuka: template basis data.xlsx
11:49:24 [INFO] Sheet tersedia: ['JFKN', 'SAK', 'AC']
11:49:24 [WARNING] Sheet 'output' tidak ditemukan — progress bar target tidak akan tampil.
11:49:24 [INFO] [JFKN] 194 peserta, 0 lulus (0.0%)
11:49:24 [INFO] [SAK] 1053 peserta, 0 lulus (0.0%)
11:49:24 [INFO] [AC] 129 peserta
11:49:24 [WARNING] [Beasiswa] Sheet 'Beasiswa' tidak ditemukan.
11:49:24 [WARNING] [USKP] Sheet 'USKP' tidak ditemukan.
11:49:24 [WARNING] [PBJ] Sheet 'PBJ' tidak ditemukan.
11:49:24 [WARNING] [PengTes] Sheet 'PengTes' tidak ditemukan.
11:49:24 [INFO] JSON diperbarui -> C:\Users\ThinkPad\OneDrive - Kemenkeu\2026\dashboard sertifikasi\data\dashboard_data.json
11:49:24 [INFO]   pct-tim: 1247 peserta | avg lulus 0.0% | 0 angkatan
11:49:24 [INFO] Watcher aktif — memantau: C:\Users\ThinkPad\OneDrive - Kemenkeu\2026
11:50:07 [INFO] Watcher dihentikan.
11:50:09 [INFO] ============================================================
11:50:09 [INFO]   Dashboard Monitoring Terpadu — Watcher Aktif
11:50:09 [INFO] ============================================================
11:50:09 [INFO]   File  : C:\Users\ThinkPad\OneDrive - Kemenkeu\2026\template basis data.xlsx
11:50:09 [INFO]   Output: C:\Users\ThinkPad\OneDrive - Kemenkeu\2026\dashboard sertifikasi\data\dashboard_data.json
11:50:09 [INFO]   Sheet : ['JFKN', 'SAK', 'AC', 'Beasiswa', 'USKP', 'PBJ', 'PengTes']
11:50:09 [INFO]   Ctrl+C untuk berhenti.
11:50:09 [INFO] ============================================================
11:50:09 [INFO] Memproses data awal...
11:50:09 [INFO] Membuka: template basis data.xlsx
11:50:09 [INFO] Sheet tersedia: ['JFKN', 'SAK', 'AC']
11:50:09 [WARNING] Sheet 'output' tidak ditemukan — progress bar target tidak akan tampil.
11:50:09 [INFO] [JFKN] 194 peserta, 0 lulus (0.0%)
11:50:09 [INFO] [SAK] 1053 peserta, 0 lulus (0.0%)
11:50:09 [INFO] [AC] 129 peserta
11:50:09 [WARNING] [Beasiswa] Sheet 'Beasiswa' tidak ditemukan.
11:50:09 [WARNING] [USKP] Sheet 'USKP' tidak ditemukan.
11:50:09 [WARNING] [PBJ] Sheet 'PBJ' tidak ditemukan.
11:50:09 [WARNING] [PengTes] Sheet 'PengTes' tidak ditemukan.
11:50:09 [INFO] JSON diperbarui -> C:\Users\ThinkPad\OneDrive - Kemenkeu\2026\dashboard sertifikasi\data\dashboard_data.json
11:50:09 [INFO]   pct-tim: 1247 peserta | avg lulus 0.0% | 0 angkatan
11:50:09 [INFO] Watcher aktif — memantau: C:\Users\ThinkPad\OneDrive - Kemenkeu\2026
11:51:24 [INFO] Watcher dihentikan.
11:51:27 [INFO] ============================================================
11:51:27 [INFO]   Dashboard Monitoring Terpadu — Watcher Aktif
11:51:27 [INFO] ============================================================
11:51:27 [INFO]   File  : C:\Users\ThinkPad\OneDrive - Kemenkeu\2026\basis data.xlsx
11:51:27 [INFO]   Output: C:\Users\ThinkPad\OneDrive - Kemenkeu\2026\dashboard sertifikasi\data\dashboard_data.json
11:51:27 [INFO]   Sheet : ['JFKN', 'SAK', 'AC', 'Beasiswa', 'USKP', 'PBJ', 'PengTes']
11:51:27 [INFO]   Ctrl+C untuk berhenti.
11:51:27 [INFO] ============================================================
11:51:27 [INFO] Memproses data awal...
11:51:27 [INFO] Membuka: basis data.xlsx
11:51:27 [INFO] Sheet tersedia: ['source', 'JFKN', 'SAK', 'AC', 'Beasiswa', 'USKP', 'PBJ', 'PengTes', 'output']
11:51:27 [INFO] Targets dibaca: {'JFKN': {2026: 1000}, 'SAK': {2026: 500}, 'AC': {2026: 600}, 'Beasiswa': {2026: 800}, 'USKP': {2026: 1000}, 'PBJ': {2026: 1000}, 'PengTes': {2026: 1000}}
11:51:27 [INFO] [JFKN] 194 peserta, 0 lulus (0.0%)
11:51:28 [INFO] [SAK] 1053 peserta, 237 lulus (22.5%)
11:51:28 [INFO] [AC] 129 peserta
11:51:28 [INFO] [Beasiswa] 4 penerima
11:51:28 [INFO] [USKP] 4 peserta, 2 lulus (50.0%)
11:51:28 [INFO] [PBJ] 4 peserta, 2 lulus (50.0%)
11:51:28 [INFO] [PengTes] 4 peserta
11:51:28 [INFO] JSON diperbarui -> C:\Users\ThinkPad\OneDrive - Kemenkeu\2026\dashboard sertifikasi\data\dashboard_data.json
11:51:28 [INFO]   pct-tim: 1255 peserta | avg lulus 19.2% | 18 angkatan
11:51:28 [INFO] Watcher aktif — memantau: C:\Users\ThinkPad\OneDrive - Kemenkeu\2026
11:56:28 [INFO] Watcher dihentikan.
11:56:33 [INFO] ============================================================
11:56:33 [INFO]   Dashboard Monitoring Terpadu — Watcher Aktif
11:56:33 [INFO] ============================================================
11:56:33 [INFO]   File  : C:\Users\NamaAnda\OneDrive - Organisasi\Data Sertifikasi\basis data.xlsx
11:56:33 [INFO]   Output: C:\Users\ThinkPad\OneDrive - Kemenkeu\2026\dashboard sertifikasi\data\dashboard_data.json
11:56:33 [INFO]   Sheet : ['JFKN', 'SAK', 'AC', 'Beasiswa', 'USKP', 'PBJ', 'PengTes']
11:56:33 [INFO]   Ctrl+C untuk berhenti.
11:56:33 [INFO] ============================================================
11:56:33 [ERROR] File tidak ditemukan: C:\Users\NamaAnda\OneDrive - Organisasi\Data Sertifikasi\basis data.xlsx
11:57:16 [INFO] ============================================================
11:57:16 [INFO]   Dashboard Monitoring Terpadu — Watcher Aktif
11:57:16 [INFO] ============================================================
11:57:16 [INFO]   File  : C:\Users\ThinkPad\OneDrive - Kemenkeu\2026\basis data.xlsx
11:57:16 [INFO]   Output: C:\Users\ThinkPad\OneDrive - Kemenkeu\2026\dashboard sertifikasi\data\dashboard_data.json
11:57:16 [INFO]   Sheet : ['JFKN', 'SAK', 'AC', 'Beasiswa', 'USKP', 'PBJ', 'PengTes']
11:57:16 [INFO]   Ctrl+C untuk berhenti.
11:57:16 [INFO] ============================================================
11:57:16 [INFO] Memproses data awal...
11:57:16 [INFO] Membuka: basis data.xlsx
11:57:16 [INFO] Sheet tersedia: ['source', 'JFKN', 'SAK', 'AC', 'Beasiswa', 'USKP', 'PBJ', 'PengTes', 'output']
11:57:16 [INFO] Targets dibaca: {'JFKN': {2026: 1000}, 'SAK': {2026: 500}, 'AC': {2026: 600}, 'Beasiswa': {2026: 800}, 'USKP': {2026: 1000}, 'PBJ': {2026: 1000}, 'PengTes': {2026: 1000}}
11:57:16 [INFO] [JFKN] 194 peserta, 0 lulus (0.0%)
11:57:16 [INFO] [SAK] 1053 peserta, 237 lulus (22.5%)
11:57:16 [INFO] [AC] 129 peserta
11:57:16 [INFO] [Beasiswa] 4 penerima
11:57:16 [INFO] [USKP] 4 peserta, 2 lulus (50.0%)
11:57:16 [INFO] [PBJ] 4 peserta, 2 lulus (50.0%)
11:57:16 [INFO] [PengTes] 4 peserta
11:57:16 [INFO] JSON diperbarui -> C:\Users\ThinkPad\OneDrive - Kemenkeu\2026\dashboard sertifikasi\data\dashboard_data.json
11:57:16 [INFO]   pct-tim: 1255 peserta | avg lulus 19.2% | 18 angkatan
11:57:16 [INFO] Watcher aktif — memantau: C:\Users\ThinkPad\OneDrive - Kemenkeu\2026
12:00:38 [INFO] Perubahan terdeteksi -> memproses ulang...
12:00:40 [INFO] Membuka: basis data.xlsx
12:00:40 [INFO] Sheet tersedia: ['source', 'JFKN', 'SAK', 'AC', 'Beasiswa', 'USKP', 'PBJ', 'PengTes', 'output']
12:00:40 [INFO] Targets dibaca: {'JFKN': {2026: 1000}, 'SAK': {2026: 500}, 'AC': {2026: 600}, 'Beasiswa': {2026: 800}, 'USKP': {2026: 1000}, 'PBJ': {2026: 1000}, 'PengTes': {2026: 1000}}
12:00:40 [INFO] [JFKN] 194 peserta, 0 lulus (0.0%)
12:00:41 [INFO] [SAK] 1053 peserta, 237 lulus (22.5%)
12:00:41 [INFO] [AC] 129 peserta
12:00:41 [INFO] [Beasiswa] 4 penerima
12:00:41 [INFO] [USKP] 4 peserta, 2 lulus (50.0%)
12:00:41 [INFO] [PBJ] 4 peserta, 2 lulus (50.0%)
12:00:41 [INFO] [PengTes] 4 peserta
12:00:41 [INFO] JSON diperbarui -> C:\Users\ThinkPad\OneDrive - Kemenkeu\2026\dashboard sertifikasi\data\dashboard_data.json
12:00:41 [INFO]   pct-tim: 1255 peserta | avg lulus 19.2% | 18 angkatan
12:09:17 [INFO] Watcher dihentikan.
12:09:21 [INFO] ============================================================
12:09:21 [INFO]   Dashboard Monitoring Terpadu — Watcher Aktif
12:09:21 [INFO] ============================================================
12:09:21 [INFO]   File  : C:\Users\ThinkPad\OneDrive - Kemenkeu\2026\basis data.xlsx
12:09:21 [INFO]   Output: C:\Users\ThinkPad\OneDrive - Kemenkeu\2026\dashboard sertifikasi\data\dashboard_data.json
12:09:21 [INFO]   Sheet : ['JFKN', 'SAK', 'AC', 'Beasiswa', 'USKP', 'PBJ', 'PengTes']
12:09:21 [INFO]   Ctrl+C untuk berhenti.
12:09:21 [INFO] ============================================================
12:09:21 [INFO] Memproses data awal...
12:09:21 [INFO] Membuka: basis data.xlsx
12:09:21 [INFO] Sheet tersedia: ['source', 'JFKN', 'SAK', 'AC', 'Beasiswa', 'USKP', 'PBJ', 'PengTes', 'output']
12:09:21 [INFO] Targets dibaca: {'JFKN': {2026: 1000}, 'SAK': {2026: 500}, 'AC': {2026: 600}, 'Beasiswa': {2026: 800}, 'USKP': {2026: 1000}, 'PBJ': {2026: 1000}, 'PengTes': {2026: 1000}}
12:09:21 [INFO] [JFKN] 194 peserta, 0 lulus (0.0%)
12:09:22 [INFO] [SAK] 1053 peserta, 237 lulus (22.5%)
12:09:22 [INFO] [AC] 129 peserta
12:09:22 [INFO] [Beasiswa] 4 penerima
12:09:22 [INFO] [USKP] 4 peserta, 2 lulus (50.0%)
12:09:22 [INFO] [PBJ] 4 peserta, 2 lulus (50.0%)
12:09:22 [INFO] [PengTes] 4 peserta
12:09:22 [INFO] JSON diperbarui -> C:\Users\ThinkPad\OneDrive - Kemenkeu\2026\dashboard sertifikasi\data\dashboard_data.json
12:09:22 [INFO]   pct-tim: 1255 peserta | avg lulus 19.2% | 18 angkatan
12:09:22 [INFO] Watcher aktif — memantau: C:\Users\ThinkPad\OneDrive - Kemenkeu\2026
12:09:24 [INFO] Watcher dihentikan.
12:09:29 [INFO] ============================================================
12:09:29 [INFO]   Dashboard Monitoring Terpadu — Watcher Aktif
12:09:29 [INFO] ============================================================
12:09:29 [INFO]   File  : C:\Users\ThinkPad\OneDrive - Kemenkeu\2026\basis data.xlsx
12:09:29 [INFO]   Output: C:\Users\ThinkPad\OneDrive - Kemenkeu\2026\dashboard sertifikasi\data\dashboard_data.json
12:09:29 [INFO]   Sheet : ['JFKN', 'SAK', 'AC', 'Beasiswa', 'USKP', 'PBJ', 'PengTes']
12:09:29 [INFO]   Ctrl+C untuk berhenti.
12:09:29 [INFO] ============================================================
12:09:29 [INFO] Memproses data awal...
12:09:29 [INFO] Membuka: basis data.xlsx
12:09:29 [INFO] Sheet tersedia: ['source', 'JFKN', 'SAK', 'AC', 'Beasiswa', 'USKP', 'PBJ', 'PengTes', 'output']
12:09:29 [INFO] Targets dibaca: {'JFKN': {2026: 1000}, 'SAK': {2026: 500}, 'AC': {2026: 600}, 'Beasiswa': {2026: 800}, 'USKP': {2026: 1000}, 'PBJ': {2026: 1000}, 'PengTes': {2026: 1000}}
12:09:29 [INFO] [JFKN] 194 peserta, 0 lulus (0.0%)
12:09:30 [INFO] [SAK] 1053 peserta, 819 hadir, 237 lulus (22.5%)
12:09:30 [INFO] [AC] 129 peserta
12:09:30 [INFO] [Beasiswa] 4 penerima
12:09:30 [INFO] [USKP] 4 peserta, 3 hadir, 2 lulus (50.0%)
12:09:30 [INFO] [PBJ] 4 peserta, 2 hadir, 2 lulus (50.0%)
12:09:30 [INFO] [PengTes] 4 peserta
12:09:30 [INFO] JSON diperbarui -> C:\Users\ThinkPad\OneDrive - Kemenkeu\2026\dashboard sertifikasi\data\dashboard_data.json
12:09:30 [INFO]   pct-tim: 1255 peserta | avg lulus 19.2% | 18 angkatan
12:09:30 [INFO] Watcher aktif — memantau: C:\Users\ThinkPad\OneDrive - Kemenkeu\2026
12:17:34 [INFO] Perubahan terdeteksi -> memproses ulang...
12:17:36 [INFO] Membuka: basis data.xlsx
12:17:36 [INFO] Sheet tersedia: ['source', 'JFKN', 'SAK', 'AC', 'Beasiswa', 'USKP', 'PBJ', 'PengTes', 'output']
12:17:36 [INFO] Targets dibaca: {'JFKN': {2026: 1000}, 'SAK': {2026: 500}, 'AC': {2026: 600}, 'Beasiswa': {2026: 800}, 'USKP': {2026: 1000}, 'PBJ': {2026: 1000}, 'PengTes': {2026: 1000}}
12:17:36 [INFO] [JFKN] 194 peserta, 0 lulus (0.0%)
12:17:37 [INFO] [SAK] 1053 peserta, 819 hadir, 237 lulus (22.5%)
12:17:37 [INFO] [AC] 129 peserta
12:17:37 [INFO] [Beasiswa] 9 penerima
12:17:37 [INFO] [USKP] 4 peserta, 3 hadir, 2 lulus (50.0%)
12:17:37 [INFO] [PBJ] 4 peserta, 2 hadir, 2 lulus (50.0%)
12:17:37 [INFO] [PengTes] 4 peserta
12:17:37 [INFO] JSON diperbarui -> C:\Users\ThinkPad\OneDrive - Kemenkeu\2026\dashboard sertifikasi\data\dashboard_data.json
12:17:37 [INFO]   pct-tim: 1255 peserta | avg lulus 19.2% | 18 angkatan
12:17:37 [INFO] Perubahan terdeteksi -> memproses ulang...
12:17:39 [INFO] Membuka: basis data.xlsx
12:17:39 [INFO] Sheet tersedia: ['source', 'JFKN', 'SAK', 'AC', 'Beasiswa', 'USKP', 'PBJ', 'PengTes', 'output']
12:17:39 [INFO] Targets dibaca: {'JFKN': {2026: 1000}, 'SAK': {2026: 500}, 'AC': {2026: 600}, 'Beasiswa': {2026: 800}, 'USKP': {2026: 1000}, 'PBJ': {2026: 1000}, 'PengTes': {2026: 1000}}
12:17:39 [INFO] [JFKN] 194 peserta, 0 lulus (0.0%)
12:17:40 [INFO] [SAK] 1053 peserta, 819 hadir, 237 lulus (22.5%)
12:17:40 [INFO] [AC] 129 peserta
12:17:40 [INFO] [Beasiswa] 9 penerima
12:17:40 [INFO] [USKP] 4 peserta, 3 hadir, 2 lulus (50.0%)
12:17:40 [INFO] [PBJ] 4 peserta, 2 hadir, 2 lulus (50.0%)
12:17:40 [INFO] [PengTes] 4 peserta
12:17:41 [INFO] JSON diperbarui -> C:\Users\ThinkPad\OneDrive - Kemenkeu\2026\dashboard sertifikasi\data\dashboard_data.json
12:17:41 [INFO]   pct-tim: 1255 peserta | avg lulus 19.2% | 18 angkatan
12:17:41 [INFO] Perubahan terdeteksi -> memproses ulang...
12:17:42 [INFO] Membuka: basis data.xlsx
12:17:42 [INFO] Sheet tersedia: ['source', 'JFKN', 'SAK', 'AC', 'Beasiswa', 'USKP', 'PBJ', 'PengTes', 'output']
12:17:42 [INFO] Targets dibaca: {'JFKN': {2026: 1000}, 'SAK': {2026: 500}, 'AC': {2026: 600}, 'Beasiswa': {2026: 800}, 'USKP': {2026: 1000}, 'PBJ': {2026: 1000}, 'PengTes': {2026: 1000}}
12:17:42 [INFO] [JFKN] 194 peserta, 0 lulus (0.0%)
12:17:43 [INFO] [SAK] 1053 peserta, 819 hadir, 237 lulus (22.5%)
12:17:43 [INFO] [AC] 129 peserta
12:17:43 [INFO] [Beasiswa] 9 penerima
12:17:43 [INFO] [USKP] 4 peserta, 3 hadir, 2 lulus (50.0%)
12:17:43 [INFO] [PBJ] 4 peserta, 2 hadir, 2 lulus (50.0%)
12:17:43 [INFO] [PengTes] 4 peserta
12:17:43 [INFO] JSON diperbarui -> C:\Users\ThinkPad\OneDrive - Kemenkeu\2026\dashboard sertifikasi\data\dashboard_data.json
12:17:43 [INFO]   pct-tim: 1255 peserta | avg lulus 19.2% | 18 angkatan
12:22:14 [INFO] Perubahan terdeteksi -> memproses ulang...
12:22:16 [INFO] Membuka: basis data.xlsx
12:22:16 [INFO] Sheet tersedia: ['source', 'JFKN', 'SAK', 'AC', 'Beasiswa', 'USKP', 'PBJ', 'PengTes', 'output']
12:22:16 [INFO] Targets dibaca: {'JFKN': {2026: 1000}, 'SAK': {2026: 500}, 'AC': {2026: 600}, 'Beasiswa': {2026: 800}, 'USKP': {2026: 1000}, 'PBJ': {2026: 1000}, 'PengTes': {2026: 1000}}
12:22:16 [INFO] [JFKN] 194 peserta, 0 lulus (0.0%)
12:22:17 [INFO] [SAK] 1053 peserta, 819 hadir, 237 lulus (22.5%)
12:22:17 [INFO] [AC] 129 peserta
12:22:17 [INFO] [Beasiswa] 9 penerima
12:22:17 [INFO] [USKP] 4 peserta, 3 hadir, 2 lulus (50.0%)
12:22:17 [INFO] [PBJ] 4 peserta, 2 hadir, 2 lulus (50.0%)
12:22:17 [INFO] [PengTes] 4 peserta
12:22:17 [INFO] JSON diperbarui -> C:\Users\ThinkPad\OneDrive - Kemenkeu\2026\dashboard sertifikasi\data\dashboard_data.json
12:22:17 [INFO]   pct-tim: 1255 peserta | avg lulus 19.2% | 18 angkatan
12:24:09 [INFO] Watcher dihentikan.
12:24:12 [INFO] ============================================================
12:24:12 [INFO]   Dashboard Monitoring Terpadu — Watcher Aktif
12:24:12 [INFO] ============================================================
12:24:12 [INFO]   File  : C:\Users\ThinkPad\OneDrive - Kemenkeu\2026\basis data.xlsx
12:24:12 [INFO]   Output: C:\Users\ThinkPad\OneDrive - Kemenkeu\2026\dashboard sertifikasi\data\dashboard_data.json
12:24:12 [INFO]   Sheet : ['JFKN', 'SAK', 'AC', 'Beasiswa', 'USKP', 'PBJ', 'PengTes']
12:24:12 [INFO]   Ctrl+C untuk berhenti.
12:24:12 [INFO] ============================================================
12:24:12 [INFO] Memproses data awal...
12:24:12 [INFO] Membuka: basis data.xlsx
12:24:12 [INFO] Sheet tersedia: ['source', 'JFKN', 'SAK', 'AC', 'Beasiswa', 'USKP', 'PBJ', 'PengTes', 'output']
12:24:12 [INFO] Targets dibaca: {'JFKN': {2026: 1000}, 'SAK': {2026: 500}, 'AC': {2026: 600}, 'Beasiswa': {2026: 800}, 'USKP': {2026: 1000}, 'PBJ': {2026: 1000}, 'PengTes': {2026: 1000}}
12:24:12 [INFO] [JFKN] 194 peserta, 0 lulus (0.0%)
12:24:13 [INFO] [SAK] 1053 peserta, 819 hadir, 237 lulus (22.5%)
12:24:13 [INFO] [AC] 129 peserta
12:24:13 [INFO] [Beasiswa] 9 penerima
12:24:13 [INFO] [USKP] 4 peserta, 3 hadir, 2 lulus (50.0%)
12:24:13 [INFO] [PBJ] 4 peserta, 2 hadir, 2 lulus (50.0%)
12:24:13 [INFO] [PengTes] 4 peserta
12:24:13 [INFO] JSON diperbarui -> C:\Users\ThinkPad\OneDrive - Kemenkeu\2026\dashboard sertifikasi\data\dashboard_data.json
12:24:13 [INFO]   pct-tim: 1255 peserta | avg lulus 19.2% | 18 angkatan
12:24:13 [INFO] Watcher aktif — memantau: C:\Users\ThinkPad\OneDrive - Kemenkeu\2026
12:25:44 [INFO] Perubahan terdeteksi -> memproses ulang...
12:25:46 [INFO] Membuka: basis data.xlsx
12:25:46 [INFO] Sheet tersedia: ['source', 'JFKN', 'SAK', 'AC', 'Beasiswa', 'USKP', 'PBJ', 'PengTes', 'output']
12:25:46 [INFO] Targets dibaca: {'JFKN': {2026: 1000}, 'SAK': {2026: 500}, 'AC': {2026: 600}, 'Beasiswa': {2026: 800}, 'USKP': {2026: 1000}, 'PBJ': {2026: 1000}, 'PengTes': {2026: 1000}}
12:25:46 [INFO] [JFKN] 194 peserta, 0 lulus (0.0%)
12:25:47 [INFO] [SAK] 1053 peserta, 819 hadir, 237 lulus (22.5%)
12:25:47 [INFO] [AC] 129 peserta
12:25:47 [INFO] [Beasiswa] 9 penerima
12:25:47 [INFO] [USKP] 4 peserta, 3 hadir, 2 lulus (50.0%)
12:25:47 [INFO] [PBJ] 4 peserta, 2 hadir, 2 lulus (50.0%)
12:25:47 [INFO] [PengTes] 4 peserta
12:25:47 [INFO] JSON diperbarui -> C:\Users\ThinkPad\OneDrive - Kemenkeu\2026\dashboard sertifikasi\data\dashboard_data.json
12:25:47 [INFO]   pct-tim: 1255 peserta | avg lulus 19.2% | 18 angkatan
12:26:09 [INFO] Watcher dihentikan.
12:26:56 [INFO] ============================================================
12:26:56 [INFO]   Dashboard Monitoring Terpadu — Watcher Aktif
12:26:56 [INFO] ============================================================
12:26:56 [INFO]   File  : C:\Users\ThinkPad\OneDrive - Kemenkeu\2026\basis data.xlsx
12:26:56 [INFO]   Output: C:\Users\ThinkPad\OneDrive - Kemenkeu\2026\dashboard sertifikasi\data\dashboard_data.json
12:26:56 [INFO]   Sheet : ['JFKN', 'SAK', 'AC', 'Beasiswa', 'USKP', 'PBJ', 'PengTes']
12:26:56 [INFO]   Ctrl+C untuk berhenti.
12:26:56 [INFO] ============================================================
12:26:56 [INFO] Memproses data awal...
12:26:56 [INFO] Membuka: basis data.xlsx
12:26:56 [INFO] Sheet tersedia: ['source', 'JFKN', 'SAK', 'AC', 'Beasiswa', 'USKP', 'PBJ', 'PengTes', 'output']
12:26:56 [INFO] Targets dibaca: {'JFKN': {2026: 1000}, 'SAK': {2026: 500}, 'AC': {2026: 600}, 'Beasiswa': {2026: 800}, 'USKP': {2026: 1000}, 'PBJ': {2026: 1000}, 'PengTes': {2026: 1000}}
12:26:56 [INFO] [JFKN] 194 peserta, 0 lulus (0.0%)
12:26:56 [INFO] [SAK] 1053 peserta, 819 hadir, 237 lulus (22.5%)
12:26:56 [INFO] [AC] 129 peserta
12:26:56 [INFO] [Beasiswa] 9 penerima
12:26:56 [INFO] [USKP] 4 peserta, 3 hadir, 2 lulus (50.0%)
12:26:56 [INFO] [PBJ] 4 peserta, 2 hadir, 2 lulus (50.0%)
12:26:56 [INFO] [PengTes] 4 peserta
12:26:56 [INFO] JSON diperbarui -> C:\Users\ThinkPad\OneDrive - Kemenkeu\2026\dashboard sertifikasi\data\dashboard_data.json
12:26:56 [INFO]   pct-tim: 1255 peserta | avg lulus 19.2% | 18 angkatan
12:26:56 [INFO] Watcher aktif — memantau: C:\Users\ThinkPad\OneDrive - Kemenkeu\2026
12:28:03 [INFO] Watcher dihentikan.
12:28:09 [INFO] ============================================================
12:28:09 [INFO]   Dashboard Monitoring Terpadu — Watcher Aktif
12:28:09 [INFO] ============================================================
12:28:09 [INFO]   File  : C:\Users\ThinkPad\OneDrive - Kemenkeu\2026\basis data.xlsx
12:28:09 [INFO]   Output: C:\Users\ThinkPad\OneDrive - Kemenkeu\2026\dashboard sertifikasi\data\dashboard_data.json
12:28:09 [INFO]   Sheet : ['JFKN', 'SAK', 'AC', 'Beasiswa', 'USKP', 'PBJ', 'PengTes']
12:28:09 [INFO]   Ctrl+C untuk berhenti.
12:28:09 [INFO] ============================================================
12:28:09 [INFO] Memproses data awal...
12:28:09 [INFO] Membuka: basis data.xlsx
12:28:09 [INFO] Sheet tersedia: ['source', 'JFKN', 'SAK', 'AC', 'Beasiswa', 'USKP', 'PBJ', 'PengTes', 'output']
12:28:09 [INFO] Targets dibaca: {'JFKN': {2026: 1000}, 'SAK': {2026: 500}, 'AC': {2026: 600}, 'Beasiswa': {2026: 800}, 'USKP': {2026: 1000}, 'PBJ': {2026: 1000}, 'PengTes': {2026: 1000}}
12:28:09 [INFO] [JFKN] 194 peserta, 0 lulus (0.0%)
12:28:10 [INFO] [SAK] 1053 peserta, 819 hadir, 237 lulus (22.5%)
12:28:10 [INFO] [AC] 129 peserta
12:28:10 [INFO] [Beasiswa] 9 penerima
12:28:10 [INFO] [USKP] 4 peserta, 3 hadir, 2 lulus (50.0%)
12:28:10 [INFO] [PBJ] 4 peserta, 2 hadir, 2 lulus (50.0%)
12:28:10 [INFO] [PengTes] 4 peserta
12:28:10 [INFO] JSON diperbarui -> C:\Users\ThinkPad\OneDrive - Kemenkeu\2026\dashboard sertifikasi\data\dashboard_data.json
12:28:10 [INFO]   pct-tim: 1255 peserta | avg lulus 19.2% | 18 angkatan
12:28:10 [INFO] Watcher aktif — memantau: C:\Users\ThinkPad\OneDrive - Kemenkeu\2026
12:51:48 [INFO] Perubahan terdeteksi -> memproses ulang...
12:51:50 [INFO] Membuka: basis data.xlsx
12:51:50 [INFO] Sheet tersedia: ['source', 'JFKN', 'SAK', 'AC', 'Beasiswa', 'USKP', 'PBJ', 'PengTes', 'output']
12:51:50 [INFO] Targets dibaca: {'JFKN': {2026: 1000}, 'SAK': {2026: 500}, 'AC': {2026: 600}, 'Beasiswa': {2026: 800}, 'USKP': {2026: 1000}, 'PBJ': {2026: 1000}, 'PengTes': {2026: 1000}}
12:51:50 [INFO] [JFKN] 194 peserta, 0 lulus (0.0%)
12:51:51 [INFO] [SAK] 1053 peserta, 819 hadir, 237 lulus (22.5%)
12:51:51 [INFO] [AC] 129 peserta
12:51:51 [INFO] [Beasiswa] 9 penerima
12:51:51 [INFO] [USKP] 4 peserta, 3 hadir, 2 lulus (50.0%)
12:51:51 [INFO] [PBJ] 4 peserta, 2 hadir, 2 lulus (50.0%)
12:51:51 [INFO] [PengTes] 4 peserta
12:51:51 [INFO] JSON diperbarui -> C:\Users\ThinkPad\OneDrive - Kemenkeu\2026\dashboard sertifikasi\data\dashboard_data.json
12:51:51 [INFO]   pct-tim: 1255 peserta | avg lulus 19.2% | 18 angkatan
12:51:51 [INFO] Perubahan terdeteksi -> memproses ulang...
12:51:53 [INFO] Membuka: basis data.xlsx
12:51:53 [INFO] Sheet tersedia: ['source', 'JFKN', 'SAK', 'AC', 'Beasiswa', 'USKP', 'PBJ', 'PengTes', 'output']
12:51:53 [INFO] Targets dibaca: {'JFKN': {2026: 1000}, 'SAK': {2026: 500}, 'AC': {2026: 600}, 'Beasiswa': {2026: 800}, 'USKP': {2026: 1000}, 'PBJ': {2026: 1000}, 'PengTes': {2026: 1000}}
12:51:53 [INFO] [JFKN] 194 peserta, 0 lulus (0.0%)
12:51:54 [INFO] [SAK] 1053 peserta, 819 hadir, 237 lulus (22.5%)
12:51:54 [INFO] [AC] 129 peserta
12:51:54 [INFO] [Beasiswa] 9 penerima
12:51:54 [INFO] [USKP] 4 peserta, 3 hadir, 2 lulus (50.0%)
12:51:54 [INFO] [PBJ] 4 peserta, 2 hadir, 2 lulus (50.0%)
12:51:54 [INFO] [PengTes] 4 peserta
12:51:54 [INFO] JSON diperbarui -> C:\Users\ThinkPad\OneDrive - Kemenkeu\2026\dashboard sertifikasi\data\dashboard_data.json
12:51:54 [INFO]   pct-tim: 1255 peserta | avg lulus 19.2% | 18 angkatan
12:52:48 [INFO] Perubahan terdeteksi -> memproses ulang...
12:52:49 [INFO] Membuka: basis data.xlsx
12:52:49 [INFO] Sheet tersedia: ['source', 'JFKN', 'SAK', 'AC', 'Beasiswa', 'USKP', 'PBJ', 'PengTes', 'output']
12:52:49 [INFO] Targets dibaca: {'JFKN': {2026: 1000}, 'SAK': {2026: 500}, 'AC': {2026: 600}, 'Beasiswa': {2026: 800}, 'USKP': {2026: 1000}, 'PBJ': {2026: 1000}, 'PengTes': {2026: 1000}}
12:52:49 [INFO] [JFKN] 194 peserta, 0 lulus (0.0%)
12:52:50 [INFO] [SAK] 1053 peserta, 819 hadir, 237 lulus (22.5%)
12:52:50 [INFO] [AC] 129 peserta
12:52:50 [INFO] [Beasiswa] 9 penerima
12:52:50 [INFO] [USKP] 4 peserta, 3 hadir, 2 lulus (50.0%)
12:52:50 [INFO] [PBJ] 4 peserta, 2 hadir, 2 lulus (50.0%)
12:52:50 [INFO] [PengTes] 4 peserta
12:52:50 [INFO] JSON diperbarui -> C:\Users\ThinkPad\OneDrive - Kemenkeu\2026\dashboard sertifikasi\data\dashboard_data.json
12:52:50 [INFO]   pct-tim: 1255 peserta | avg lulus 19.2% | 18 angkatan
12:53:55 [INFO] Perubahan terdeteksi -> memproses ulang...
12:53:56 [INFO] Membuka: basis data.xlsx
12:53:57 [INFO] Sheet tersedia: ['source', 'JFKN', 'SAK', 'AC', 'Beasiswa', 'USKP', 'PBJ', 'PengTes', 'output']
12:53:57 [INFO] Targets dibaca: {'JFKN': {2026: 1000}, 'SAK': {2026: 500}, 'AC': {2026: 600}, 'Beasiswa': {2026: 800}, 'USKP': {2026: 1000}, 'PBJ': {2026: 1000}, 'PengTes': {2026: 1000}}
12:53:57 [INFO] [JFKN] 194 peserta, 0 lulus (0.0%)
12:53:57 [INFO] [SAK] 1053 peserta, 819 hadir, 237 lulus (22.5%)
12:53:57 [INFO] [AC] 129 peserta
12:53:57 [INFO] [Beasiswa] 9 penerima
12:53:57 [INFO] [USKP] 4 peserta, 3 hadir, 2 lulus (50.0%)
12:53:57 [INFO] [PBJ] 4 peserta, 2 hadir, 2 lulus (50.0%)
12:53:57 [INFO] [PengTes] 4 peserta
12:53:57 [INFO] JSON diperbarui -> C:\Users\ThinkPad\OneDrive - Kemenkeu\2026\dashboard sertifikasi\data\dashboard_data.json
12:53:57 [INFO]   pct-tim: 1255 peserta | avg lulus 19.2% | 18 angkatan
12:55:40 [INFO] Perubahan terdeteksi -> memproses ulang...
12:55:42 [INFO] Membuka: basis data.xlsx
12:55:42 [INFO] Sheet tersedia: ['source', 'JFKN', 'SAK', 'AC', 'Beasiswa', 'USKP', 'PBJ', 'PengTes', 'output']
12:55:42 [INFO] Targets dibaca: {'JFKN': {2026: 1000}, 'SAK': {2026: 500}, 'AC': {2026: 600}, 'Beasiswa': {2026: 800}, 'USKP': {2026: 1000}, 'PBJ': {2026: 1000}, 'PengTes': {2026: 1000}}
12:55:42 [INFO] [JFKN] 194 peserta, 0 lulus (0.0%)
12:55:43 [INFO] [SAK] 1053 peserta, 819 hadir, 237 lulus (22.5%)
12:55:43 [INFO] [AC] 129 peserta
12:55:43 [INFO] [Beasiswa] 9 penerima
12:55:43 [INFO] [USKP] 4 peserta, 3 hadir, 2 lulus (50.0%)
12:55:43 [INFO] [PBJ] 4 peserta, 2 hadir, 2 lulus (50.0%)
12:55:43 [INFO] [PengTes] 4 peserta
12:55:43 [INFO] JSON diperbarui -> C:\Users\ThinkPad\OneDrive - Kemenkeu\2026\dashboard sertifikasi\data\dashboard_data.json
12:55:43 [INFO]   pct-tim: 1255 peserta | avg lulus 19.2% | 20 angkatan
12:56:50 [INFO] Perubahan terdeteksi -> memproses ulang...
12:56:52 [INFO] Membuka: basis data.xlsx
12:56:52 [INFO] Sheet tersedia: ['source', 'JFKN', 'SAK', 'AC', 'Beasiswa', 'USKP', 'PBJ', 'PengTes', 'output']
12:56:52 [INFO] Targets dibaca: {'JFKN': {2026: 1000}, 'SAK': {2026: 500}, 'AC': {2026: 600}, 'Beasiswa': {2026: 800}, 'USKP': {2026: 1000}, 'PBJ': {2026: 1000}, 'PengTes': {2026: 1000}}
12:56:52 [INFO] [JFKN] 194 peserta, 0 lulus (0.0%)
12:56:53 [INFO] [SAK] 1053 peserta, 819 hadir, 237 lulus (22.5%)
12:56:54 [INFO] [AC] 129 peserta
12:56:54 [INFO] [Beasiswa] 9 penerima
12:56:54 [INFO] [USKP] 4 peserta, 3 hadir, 2 lulus (50.0%)
12:56:54 [INFO] [PBJ] 4 peserta, 2 hadir, 2 lulus (50.0%)
12:56:54 [INFO] [PengTes] 4 peserta
12:56:54 [INFO] JSON diperbarui -> C:\Users\ThinkPad\OneDrive - Kemenkeu\2026\dashboard sertifikasi\data\dashboard_data.json
12:56:54 [INFO]   pct-tim: 1255 peserta | avg lulus 19.2% | 19 angkatan
12:56:54 [INFO] Perubahan terdeteksi -> memproses ulang...
12:56:55 [INFO] Membuka: basis data.xlsx
12:56:55 [INFO] Sheet tersedia: ['source', 'JFKN', 'SAK', 'AC', 'Beasiswa', 'USKP', 'PBJ', 'PengTes', 'output']
12:56:55 [INFO] Targets dibaca: {'JFKN': {2026: 1000}, 'SAK': {2026: 500}, 'AC': {2026: 600}, 'Beasiswa': {2026: 800}, 'USKP': {2026: 1000}, 'PBJ': {2026: 1000}, 'PengTes': {2026: 1000}}
12:56:56 [INFO] [JFKN] 194 peserta, 0 lulus (0.0%)
12:56:56 [INFO] [SAK] 1053 peserta, 819 hadir, 237 lulus (22.5%)
12:56:56 [INFO] [AC] 129 peserta
12:56:56 [INFO] [Beasiswa] 9 penerima
12:56:56 [INFO] [USKP] 4 peserta, 3 hadir, 2 lulus (50.0%)
12:56:56 [INFO] [PBJ] 4 peserta, 2 hadir, 2 lulus (50.0%)
12:56:56 [INFO] [PengTes] 4 peserta
12:56:56 [INFO] JSON diperbarui -> C:\Users\ThinkPad\OneDrive - Kemenkeu\2026\dashboard sertifikasi\data\dashboard_data.json
12:56:56 [INFO]   pct-tim: 1255 peserta | avg lulus 19.2% | 19 angkatan
13:03:02 [INFO] Perubahan terdeteksi -> memproses ulang...
13:03:03 [INFO] Membuka: basis data.xlsx
13:03:04 [INFO] Sheet tersedia: ['source', 'JFKN', 'SAK', 'AC', 'Beasiswa', 'USKP', 'PBJ', 'PengTes', 'output']
13:03:04 [INFO] Targets dibaca: {'JFKN': {2026: 1000}, 'SAK': {2026: 500}, 'AC': {2026: 600}, 'Beasiswa': {2026: 800}, 'USKP': {2026: 1000}, 'PBJ': {2026: 1000}, 'PengTes': {2026: 1000}}
13:03:04 [INFO] [JFKN] 194 peserta, 0 lulus (0.0%)
13:03:05 [INFO] [SAK] 1053 peserta, 819 hadir, 237 lulus (22.5%)
13:03:05 [INFO] [AC] 129 peserta
13:03:05 [INFO] [Beasiswa] 9 penerima
13:03:05 [INFO] [USKP] 4 peserta, 3 hadir, 2 lulus (50.0%)
13:03:05 [INFO] [PBJ] 4 peserta, 2 hadir, 2 lulus (50.0%)
13:03:05 [INFO] [PengTes] 4 peserta
13:03:05 [INFO] JSON diperbarui -> C:\Users\ThinkPad\OneDrive - Kemenkeu\2026\dashboard sertifikasi\data\dashboard_data.json
13:03:05 [INFO]   pct-tim: 1255 peserta | avg lulus 19.2% | 19 angkatan
14:22:10 [INFO] Perubahan terdeteksi -> memproses ulang...
14:22:11 [INFO] Membuka: basis data.xlsx
14:22:12 [INFO] Sheet tersedia: ['source', 'JFKN', 'SAK', 'AC', 'Beasiswa', 'USKP', 'PBJ', 'PengTes', 'output']
14:22:12 [INFO] Targets dibaca: {'JFKN': {2026: 1000}, 'SAK': {2026: 500}, 'AC': {2026: 600}, 'Beasiswa': {2026: 800}, 'USKP': {2026: 1000}, 'PBJ': {2026: 1000}, 'PengTes': {2026: 1000}}
14:22:12 [INFO] [JFKN] 194 peserta, 0 lulus (0.0%)
14:22:13 [INFO] [SAK] 1053 peserta, 819 hadir, 237 lulus (22.5%)
14:22:13 [INFO] [AC] 129 peserta
14:22:13 [INFO] [Beasiswa] 9 penerima
14:22:13 [INFO] [USKP] 4 peserta, 3 hadir, 2 lulus (50.0%)
14:22:13 [INFO] [PBJ] 4 peserta, 2 hadir, 2 lulus (50.0%)
14:22:13 [INFO] [PengTes] 4 peserta
14:22:13 [INFO] JSON diperbarui -> C:\Users\ThinkPad\OneDrive - Kemenkeu\2026\dashboard sertifikasi\data\dashboard_data.json
14:22:13 [INFO]   pct-tim: 1255 peserta | avg lulus 19.2% | 19 angkatan
14:32:04 [INFO] Watcher dihentikan.
14:32:07 [INFO] ============================================================
14:32:07 [INFO]   Dashboard Monitoring Terpadu — Watcher Aktif
14:32:07 [INFO] ============================================================
14:32:07 [INFO]   File  : C:\Users\ThinkPad\OneDrive - Kemenkeu\2026\basis data.xlsx
14:32:07 [INFO]   Output: C:\Users\ThinkPad\OneDrive - Kemenkeu\2026\dashboard sertifikasi\data\dashboard_data.json
14:32:07 [INFO]   Sheet : ['JFKN', 'SAK', 'AC', 'Beasiswa', 'USKP', 'PBJ', 'PengTes']
14:32:07 [INFO]   Ctrl+C untuk berhenti.
14:32:07 [INFO] ============================================================
14:32:07 [INFO] Memproses data awal...
14:32:07 [INFO] Membuka: basis data.xlsx
14:32:08 [INFO] Sheet tersedia: ['source', 'JFKN', 'SAK', 'AC', 'Beasiswa', 'USKP', 'PBJ', 'PengTes', 'output']
14:32:08 [INFO] Targets dibaca: {'JFKN': {2026: 1000}, 'SAK': {2026: 500}, 'AC': {2026: 600}, 'Beasiswa': {2026: 800}, 'USKP': {2026: 1000}, 'PBJ': {2026: 1000}, 'PengTes': {2026: 1000}}
14:32:08 [INFO] [JFKN] 194 peserta, 0 lulus (0%), 194 dalam proses
14:32:08 [INFO] [SAK] 1053 peserta, 819 hadir, 237 lulus (22.5%)
14:32:08 [INFO] [AC] 129 peserta
14:32:08 [INFO] [Beasiswa] 9 penerima
14:32:08 [INFO] [USKP] 4 peserta, 3 hadir, 2 lulus (50.0%)
14:32:08 [INFO] [PBJ] 4 peserta, 2 hadir, 2 lulus (50.0%)
14:32:08 [INFO] [PengTes] 4 peserta
14:32:08 [INFO] JSON diperbarui -> C:\Users\ThinkPad\OneDrive - Kemenkeu\2026\dashboard sertifikasi\data\dashboard_data.json
14:32:08 [INFO]   1255 peserta | capaian 19.7% | 1/7 tim capai target
14:32:08 [INFO] Watcher aktif — memantau: C:\Users\ThinkPad\OneDrive - Kemenkeu\2026
14:41:40 [INFO] Perubahan terdeteksi -> memproses ulang...
14:41:41 [INFO] Membuka: basis data.xlsx
14:41:41 [INFO] Sheet tersedia: ['source', 'JFKN', 'SAK', 'AC', 'Beasiswa', 'USKP', 'PBJ', 'PengTes', 'output']
14:41:41 [INFO] Targets dibaca: {'JFKN': {2026: 4100}, 'SAK': {2026: 500}, 'AC': {2026: 600}, 'Beasiswa': {2026: 800}, 'USKP': {2026: 1000}, 'PBJ': {2026: 1000}, 'PengTes': {2026: 1000}}
14:41:41 [INFO] [JFKN] 194 peserta, 0 lulus (0%), 194 dalam proses
14:41:42 [INFO] [SAK] 1053 peserta, 819 hadir, 237 lulus (22.5%)
14:41:42 [INFO] [AC] 129 peserta
14:41:42 [INFO] [Beasiswa] 9 penerima
14:41:42 [INFO] [USKP] 4 peserta, 3 hadir, 2 lulus (50.0%)
14:41:42 [INFO] [PBJ] 4 peserta, 2 hadir, 2 lulus (50.0%)
14:41:42 [INFO] [PengTes] 4 peserta
14:41:42 [INFO] JSON diperbarui -> C:\Users\ThinkPad\OneDrive - Kemenkeu\2026\dashboard sertifikasi\data\dashboard_data.json
14:41:42 [INFO]   1255 peserta | capaian 12.9% | 1/7 tim capai target
14:42:21 [INFO] Perubahan terdeteksi -> memproses ulang...
14:42:22 [INFO] Membuka: basis data.xlsx
14:42:22 [INFO] Sheet tersedia: ['source', 'JFKN', 'SAK', 'AC', 'Beasiswa', 'USKP', 'PBJ', 'PengTes', 'output']
14:42:22 [INFO] Targets dibaca: {'JFKN': {2026: 780}, 'SAK': {2026: 500}, 'AC': {2026: 600}, 'Beasiswa': {2026: 800}, 'USKP': {2026: 1000}, 'PBJ': {2026: 700}, 'PengTes': {2026: 1000}}
14:42:22 [INFO] [JFKN] 194 peserta, 0 lulus (0%), 194 dalam proses
14:42:23 [INFO] [SAK] 1053 peserta, 819 hadir, 237 lulus (22.5%)
14:42:23 [INFO] [AC] 129 peserta
14:42:23 [INFO] [Beasiswa] 9 penerima
14:42:23 [INFO] [USKP] 4 peserta, 3 hadir, 2 lulus (50.0%)
14:42:23 [INFO] [PBJ] 4 peserta, 2 hadir, 2 lulus (50.0%)
14:42:23 [INFO] [PengTes] 4 peserta
14:42:23 [INFO] JSON diperbarui -> C:\Users\ThinkPad\OneDrive - Kemenkeu\2026\dashboard sertifikasi\data\dashboard_data.json
14:42:23 [INFO]   1255 peserta | capaian 21.6% | 1/7 tim capai target
14:43:39 [INFO] Perubahan terdeteksi -> memproses ulang...
14:43:41 [INFO] Membuka: basis data.xlsx
14:43:41 [INFO] Sheet tersedia: ['source', 'JFKN', 'SAK', 'AC', 'Beasiswa', 'USKP', 'PBJ', 'PengTes', 'output']
14:43:41 [INFO] Targets dibaca: {'JFKN': {2026: 500}, 'SAK': {2026: 550}, 'AC': {2026: 100}, 'Beasiswa': {2026: 800}, 'USKP': {2026: 2450}, 'PBJ': {2026: 280}, 'PengTes': {2026: 320}}
14:43:41 [INFO] [JFKN] 194 peserta, 0 lulus (0%), 194 dalam proses
14:43:42 [INFO] [SAK] 1053 peserta, 819 hadir, 237 lulus (22.5%)
14:43:42 [INFO] [AC] 129 peserta
14:43:42 [INFO] [Beasiswa] 9 penerima
14:43:42 [INFO] [USKP] 4 peserta, 3 hadir, 2 lulus (50.0%)
14:43:42 [INFO] [PBJ] 4 peserta, 2 hadir, 2 lulus (50.0%)
14:43:42 [INFO] [PengTes] 4 peserta
14:43:42 [INFO] JSON diperbarui -> C:\Users\ThinkPad\OneDrive - Kemenkeu\2026\dashboard sertifikasi\data\dashboard_data.json
14:43:42 [INFO]   1255 peserta | capaian 23.2% | 2/7 tim capai target
14:43:50 [INFO] Perubahan terdeteksi -> memproses ulang...
14:43:51 [INFO] Membuka: basis data.xlsx
14:43:51 [INFO] Sheet tersedia: ['source', 'JFKN', 'SAK', 'AC', 'Beasiswa', 'USKP', 'PBJ', 'PengTes', 'output']
14:43:51 [INFO] Targets dibaca: {'JFKN': {2026: 500}, 'SAK': {2026: 550}, 'AC': {2026: 100}, 'Beasiswa': {2026: 800}, 'USKP': {2026: 2450}, 'PBJ': {2026: 280}, 'PengTes': {2026: 320}}
14:43:52 [INFO] [JFKN] 194 peserta, 0 lulus (0%), 194 dalam proses
14:43:52 [INFO] [SAK] 1053 peserta, 819 hadir, 237 lulus (22.5%)
14:43:52 [INFO] [AC] 129 peserta
14:43:52 [INFO] [Beasiswa] 9 penerima
14:43:52 [INFO] [USKP] 4 peserta, 3 hadir, 2 lulus (50.0%)
14:43:52 [INFO] [PBJ] 4 peserta, 2 hadir, 2 lulus (50.0%)
14:43:52 [INFO] [PengTes] 4 peserta
14:43:52 [INFO] JSON diperbarui -> C:\Users\ThinkPad\OneDrive - Kemenkeu\2026\dashboard sertifikasi\data\dashboard_data.json
14:43:52 [INFO]   1255 peserta | capaian 23.2% | 2/7 tim capai target
14:46:18 [INFO] Perubahan terdeteksi -> memproses ulang...
14:46:20 [INFO] Membuka: basis data.xlsx
14:46:20 [INFO] Sheet tersedia: ['source', 'JFKN', 'SAK', 'AC', 'Beasiswa', 'USKP', 'PBJ', 'PengTes', 'output']
14:46:20 [INFO] Targets dibaca: {'JFKN': {2026: 500}, 'SAK': {2026: 550}, 'AC': {2026: 100}, 'Beasiswa': {2026: 179}, 'USKP': {2026: 2450}, 'PBJ': {2026: 280}, 'PengTes': {2026: 320}}
14:46:20 [INFO] [JFKN] 194 peserta, 0 lulus (0%), 194 dalam proses
14:46:21 [INFO] [SAK] 1053 peserta, 819 hadir, 237 lulus (22.5%)
14:46:21 [INFO] [AC] 129 peserta
14:46:21 [INFO] [Beasiswa] 9 penerima
14:46:21 [INFO] [USKP] 4 peserta, 3 hadir, 2 lulus (50.0%)
14:46:21 [INFO] [PBJ] 4 peserta, 2 hadir, 2 lulus (50.0%)
14:46:21 [INFO] [PengTes] 4 peserta
14:46:21 [INFO] JSON diperbarui -> C:\Users\ThinkPad\OneDrive - Kemenkeu\2026\dashboard sertifikasi\data\dashboard_data.json
14:46:21 [INFO]   1255 peserta | capaian 26.5% | 2/7 tim capai target
14:53:31 [INFO] Perubahan terdeteksi -> memproses ulang...
14:53:32 [INFO] Membuka: basis data.xlsx
14:53:32 [INFO] Sheet tersedia: ['source', 'JFKN', 'SAK', 'AC', 'Beasiswa', 'USKP', 'PBJ', 'PengTes', 'output']
14:53:32 [INFO] Targets dibaca: {'JFKN': {2026: 500}, 'SAK': {2026: 550}, 'AC': {2026: 100}, 'Beasiswa': {2026: 179}, 'USKP': {2026: 2450}, 'PBJ': {2026: 280}, 'PengTes': {2026: 320}}
14:53:33 [INFO] [JFKN] 194 peserta, 0 lulus (0%), 194 dalam proses
14:53:33 [INFO] [SAK] 1053 peserta, 819 hadir, 237 lulus (22.5%)
14:53:33 [INFO] [AC] 129 peserta
14:53:33 [INFO] [Beasiswa] 9 penerima
14:53:33 [INFO] [USKP] 4 peserta, 3 hadir, 2 lulus (50.0%)
14:53:33 [INFO] [PBJ] 4 peserta, 2 hadir, 2 lulus (50.0%)
14:53:33 [INFO] [PengTes] 4 peserta
14:53:33 [INFO] JSON diperbarui -> C:\Users\ThinkPad\OneDrive - Kemenkeu\2026\dashboard sertifikasi\data\dashboard_data.json
14:53:33 [INFO]   1255 peserta | capaian 26.5% | 2/7 tim capai target
15:04:55 [INFO] Perubahan terdeteksi -> memproses ulang...
15:04:56 [INFO] Membuka: basis data.xlsx
15:04:57 [INFO] Sheet tersedia: ['source', 'JFKN', 'SAK', 'AC', 'Beasiswa', 'USKP', 'PBJ', 'PengTes', 'output']
15:04:57 [INFO] Targets dibaca: {'JFKN': {2026: 500}, 'SAK': {2026: 550}, 'AC': {2026: 100}, 'Beasiswa': {2026: 179}, 'USKP': {2026: 2450}, 'PBJ': {2026: 280}, 'PengTes': {2026: 320}}
15:04:57 [INFO] [JFKN] 194 peserta, 0 lulus (0%), 194 dalam proses
15:04:58 [INFO] [SAK] 1053 peserta, 819 hadir, 237 lulus (22.5%)
15:04:58 [INFO] [AC] 129 peserta
15:04:58 [INFO] [Beasiswa] 9 penerima
15:04:58 [INFO] [USKP] 4 peserta, 3 hadir, 2 lulus (50.0%)
15:04:58 [INFO] [PBJ] 4 peserta, 2 hadir, 2 lulus (50.0%)
15:04:58 [INFO] [PengTes] 4 peserta
15:04:58 [INFO] JSON diperbarui -> C:\Users\ThinkPad\OneDrive - Kemenkeu\2026\dashboard sertifikasi\data\dashboard_data.json
15:04:58 [INFO]   1255 peserta | capaian 26.5% | 2/7 tim capai target
15:04:58 [INFO] Perubahan terdeteksi -> memproses ulang...
15:05:00 [INFO] Membuka: basis data.xlsx
15:05:00 [INFO] Sheet tersedia: ['source', 'JFKN', 'SAK', 'AC', 'Beasiswa', 'USKP', 'PBJ', 'PengTes', 'output']
15:05:00 [INFO] Targets dibaca: {'JFKN': {2026: 500}, 'SAK': {2026: 550}, 'AC': {2026: 100}, 'Beasiswa': {2026: 179}, 'USKP': {2026: 2450}, 'PBJ': {2026: 280}, 'PengTes': {2026: 320}}
15:05:00 [INFO] [JFKN] 194 peserta, 0 lulus (0%), 194 dalam proses
15:05:01 [INFO] [SAK] 1053 peserta, 819 hadir, 237 lulus (22.5%)
15:05:01 [INFO] [AC] 129 peserta
15:05:01 [INFO] [Beasiswa] 9 penerima
15:05:01 [INFO] [USKP] 4 peserta, 3 hadir, 2 lulus (50.0%)
15:05:01 [INFO] [PBJ] 4 peserta, 2 hadir, 2 lulus (50.0%)
15:05:01 [INFO] [PengTes] 4 peserta
15:05:01 [INFO] JSON diperbarui -> C:\Users\ThinkPad\OneDrive - Kemenkeu\2026\dashboard sertifikasi\data\dashboard_data.json
15:05:01 [INFO]   1255 peserta | capaian 26.5% | 2/7 tim capai target
15:05:41 [INFO] Perubahan terdeteksi -> memproses ulang...
15:05:43 [INFO] Membuka: basis data.xlsx
15:05:43 [INFO] Sheet tersedia: ['source', 'JFKN', 'SAK', 'AC', 'Beasiswa', 'USKP', 'PBJ', 'PengTes', 'output']
15:05:43 [INFO] Targets dibaca: {'JFKN': {2026: 500}, 'SAK': {2026: 550}, 'AC': {2026: 100}, 'Beasiswa': {2026: 179}, 'USKP': {2026: 2450}, 'PBJ': {2026: 280}, 'PengTes': {2026: 320}}
15:05:43 [INFO] [JFKN] 194 peserta, 0 lulus (0%), 194 dalam proses
15:05:43 [INFO] [SAK] 1053 peserta, 819 hadir, 237 lulus (22.5%)
15:05:43 [INFO] [AC] 129 peserta
15:05:43 [INFO] [Beasiswa] 9 penerima
15:05:43 [INFO] [USKP] 4 peserta, 3 hadir, 2 lulus (50.0%)
15:05:43 [INFO] [PBJ] 4 peserta, 2 hadir, 2 lulus (50.0%)
15:05:43 [INFO] [PengTes] 4 peserta
15:05:43 [INFO] JSON diperbarui -> C:\Users\ThinkPad\OneDrive - Kemenkeu\2026\dashboard sertifikasi\data\dashboard_data.json
15:05:43 [INFO]   1255 peserta | capaian 26.5% | 2/7 tim capai target
15:06:27 [INFO] Perubahan terdeteksi -> memproses ulang...
15:06:29 [INFO] Membuka: basis data.xlsx
15:06:29 [INFO] Sheet tersedia: ['source', 'JFKN', 'SAK', 'AC', 'Beasiswa', 'USKP', 'PBJ', 'PengTes', 'output']
15:06:29 [INFO] Targets dibaca: {'JFKN': {2026: 500}, 'SAK': {2026: 550}, 'AC': {2026: 100}, 'Beasiswa': {2026: 179}, 'USKP': {2026: 2450}, 'PBJ': {2026: 280}, 'PengTes': {2026: 320}}
15:06:29 [INFO] [JFKN] 194 peserta, 0 lulus (0%), 194 dalam proses
15:06:30 [INFO] [SAK] 1053 peserta, 819 hadir, 237 lulus (22.5%)
15:06:30 [INFO] [AC] 129 peserta
15:06:30 [INFO] [Beasiswa] 9 penerima
15:06:30 [INFO] [USKP] 4 peserta, 3 hadir, 2 lulus (50.0%)
15:06:30 [INFO] [PBJ] 4 peserta, 2 hadir, 2 lulus (50.0%)
15:06:30 [INFO] [PengTes] 4 peserta
15:06:30 [INFO] JSON diperbarui -> C:\Users\ThinkPad\OneDrive - Kemenkeu\2026\dashboard sertifikasi\data\dashboard_data.json
15:06:30 [INFO]   1255 peserta | capaian 26.5% | 2/7 tim capai target
15:07:39 [INFO] Perubahan terdeteksi -> memproses ulang...
15:07:41 [INFO] Membuka: basis data.xlsx
15:07:41 [INFO] Sheet tersedia: ['source', 'JFKN', 'SAK', 'AC', 'Beasiswa', 'USKP', 'PBJ', 'PengTes', 'output']
15:07:41 [INFO] Targets dibaca: {'JFKN': {2026: 500}, 'SAK': {2026: 550}, 'AC': {2026: 100}, 'Beasiswa': {2026: 179}, 'USKP': {2026: 2450}, 'PBJ': {2026: 280}, 'PengTes': {2026: 320}}
15:07:41 [INFO] [JFKN] 194 peserta, 0 lulus (0%), 194 dalam proses
15:07:42 [INFO] [SAK] 1053 peserta, 819 hadir, 237 lulus (22.5%)
15:07:42 [INFO] [AC] 129 peserta
15:07:42 [INFO] [Beasiswa] 9 penerima
15:07:42 [INFO] [USKP] 4 peserta, 3 hadir, 2 lulus (50.0%)
15:07:42 [INFO] [PBJ] 4 peserta, 2 hadir, 2 lulus (50.0%)
15:07:42 [INFO] [PengTes] 4 peserta
15:07:42 [INFO] JSON diperbarui -> C:\Users\ThinkPad\OneDrive - Kemenkeu\2026\dashboard sertifikasi\data\dashboard_data.json
15:07:42 [INFO]   1255 peserta | capaian 26.5% | 2/7 tim capai target
15:13:57 [INFO] Perubahan terdeteksi -> memproses ulang...
15:13:59 [INFO] Membuka: basis data.xlsx
15:13:59 [INFO] Sheet tersedia: ['source', 'JFKN', 'SAK', 'AC', 'Beasiswa', 'USKP', 'PBJ', 'PengTes', 'output']
15:13:59 [INFO] Targets dibaca: {'JFKN': {2026: 500}, 'SAK': {2026: 550}, 'AC': {2026: 100}, 'Beasiswa': {2026: 179}, 'USKP': {2026: 2450}, 'PBJ': {2026: 280}, 'PengTes': {2026: 320}}
15:13:59 [INFO] [JFKN] 194 peserta, 0 lulus (0%), 194 dalam proses
15:13:59 [INFO] [SAK] 1053 peserta, 819 hadir, 237 lulus (22.5%)
15:14:00 [INFO] [AC] 129 peserta
15:14:00 [INFO] [Beasiswa] 9 penerima
15:14:00 [INFO] [USKP] 4 peserta, 3 hadir, 2 lulus (50.0%)
15:14:00 [INFO] [PBJ] 4 peserta, 2 hadir, 2 lulus (50.0%)
15:14:00 [INFO] [PengTes] 4 peserta
15:14:00 [INFO] JSON diperbarui -> C:\Users\ThinkPad\OneDrive - Kemenkeu\2026\dashboard sertifikasi\data\dashboard_data.json
15:14:00 [INFO]   1255 peserta | capaian 26.5% | 2/7 tim capai target
15:28:20 [INFO] Watcher dihentikan.
15:28:23 [INFO] ============================================================
15:28:23 [INFO]   Dashboard Monitoring Terpadu — Watcher Aktif
15:28:23 [INFO] ============================================================
15:28:23 [INFO]   File  : C:\Users\ThinkPad\OneDrive - Kemenkeu\2026\basis data.xlsx
15:28:23 [INFO]   Output: C:\Users\ThinkPad\OneDrive - Kemenkeu\2026\dashboard sertifikasi\data\dashboard_data.json
15:28:23 [INFO]   Sheet : ['JFKN', 'SAK', 'AC', 'Beasiswa', 'USKP', 'PBJ', 'PengTes']
15:28:23 [INFO]   Ctrl+C untuk berhenti.
15:28:23 [INFO] ============================================================
15:28:23 [INFO] Memproses data awal...
15:28:23 [INFO] Membuka: basis data.xlsx
15:28:23 [INFO] Sheet tersedia: ['source', 'JFKN', 'SAK', 'AC', 'Beasiswa', 'USKP', 'PBJ', 'PengTes', 'output']
15:28:23 [INFO] Targets dibaca: {'JFKN': {2026: 500}, 'SAK': {2026: 550}, 'AC': {2026: 100}, 'Beasiswa': {2026: 179}, 'USKP': {2026: 2450}, 'PBJ': {2026: 280}, 'PengTes': {2026: 320}}
15:28:23 [INFO] [JFKN] 194 peserta, 0 lulus (0%), 194 dalam proses
15:28:24 [INFO] [SAK] 1053 peserta, 819 hadir, 237 lulus (22.5%)
15:28:24 [INFO] [AC] 129 peserta
15:28:24 [INFO] [Beasiswa] 9 penerima
15:28:24 [INFO] [USKP] 4 peserta, 3 hadir, 2 lulus (50.0%)
15:28:24 [INFO] [PBJ] 4 peserta, 2 hadir, 2 lulus (50.0%)
15:28:24 [INFO] [PengTes] 4 peserta
15:28:24 [INFO] JSON diperbarui -> C:\Users\ThinkPad\OneDrive - Kemenkeu\2026\dashboard sertifikasi\data\dashboard_data.json
15:28:24 [INFO]   1255 peserta | capaian 26.5% | 2/7 tim capai target
15:28:24 [INFO] Watcher aktif — memantau: C:\Users\ThinkPad\OneDrive - Kemenkeu\2026
15:32:14 [INFO] Watcher dihentikan.
10:47:15 [INFO] ============================================================
10:47:15 [INFO]   Dashboard Monitoring Terpadu — Watcher Aktif
10:47:15 [INFO] ============================================================
10:47:15 [INFO]   File  : C:\Users\ThinkPad\OneDrive - Kemenkeu\2026\basis data.xlsx
10:47:15 [INFO]   Output: C:\Users\ThinkPad\OneDrive - Kemenkeu\2026\dashboard sertifikasi\data\dashboard_data.json
10:47:15 [INFO]   Sheet : ['JFKN', 'SAK', 'AC', 'Beasiswa', 'USKP', 'PBJ', 'PengTes']
10:47:15 [INFO]   Ctrl+C untuk berhenti.
10:47:15 [INFO] ============================================================
10:47:15 [INFO] Memproses data awal...
10:47:15 [INFO] Membuka: basis data.xlsx
10:47:15 [INFO] Sheet tersedia: ['source', 'JFKN', 'SAK', 'AC', 'Beasiswa', 'USKP', 'PBJ', 'PengTes', 'output']
10:47:15 [INFO] Targets dibaca: {'JFKN': {2026: 500}, 'SAK': {2026: 550}, 'AC': {2026: 100}, 'Beasiswa': {2026: 179}, 'USKP': {2026: 2450}, 'PBJ': {2026: 280}, 'PengTes': {2026: 320}}
10:47:15 [INFO] [JFKN] 194 peserta, 0 lulus (0%), 194 dalam proses
10:47:15 [INFO] [SAK] 1053 peserta, 819 hadir, 237 lulus (22.5%)
10:47:15 [INFO] [AC] 129 peserta
10:47:15 [INFO] [Beasiswa] 9 penerima
10:47:15 [INFO] [USKP] 4 peserta, 3 hadir, 2 lulus (50.0%)
10:47:15 [INFO] [PBJ] 4 peserta, 2 hadir, 2 lulus (50.0%)
10:47:15 [INFO] [PengTes] 4 peserta
10:47:15 [INFO] JSON diperbarui -> C:\Users\ThinkPad\OneDrive - Kemenkeu\2026\dashboard sertifikasi\data\dashboard_data.json
10:47:15 [INFO]   1255 peserta | capaian 26.5% | 2/7 tim capai target
10:47:15 [INFO] Watcher aktif — memantau: C:\Users\ThinkPad\OneDrive - Kemenkeu\2026
